This is pdfTeX, Version 3.14159265-2.6-1.40.20 (TeX Live 2019/Debian) (preloaded format=pdflatex 2020.8.4)  25 MAY 2021 19:26
entering extended mode
 restricted \write18 enabled.
 %&-line parsing enabled.
**Module6ALL.tex
(./Module6ALL.tex
LaTeX2e <2020-02-02> patch level 2
L3 programming layer <2020-02-14>
(/usr/share/texlive/texmf-dist/tex/latex/extsizes/extbook.cls
Document Class: extbook 1999/01/07 v1.4a NON-Standard LaTeX document class
(/usr/share/texlive/texmf-dist/tex/latex/extsizes/size14.clo
File: size14.clo 1999/11/11 v1.4a NON-Standard LaTeX file (size option)
)
(/usr/share/texlive/texmf-dist/tex/latex/base/exscale.sty
Package: exscale 2018/09/24 v2.1i Standard LaTeX package exscale
LaTeX Font Info:    Redeclaring symbol font `largesymbols' on input line 57.
LaTeX Font Info:    Overwriting symbol font `largesymbols' in version `normal'
(Font)                  OMX/cmex/m/n --> OMX/cmex/m/n on input line 57.
LaTeX Font Info:    Overwriting symbol font `largesymbols' in version `bold'
(Font)                  OMX/cmex/m/n --> OMX/cmex/m/n on input line 57.
\big@size=\dimen134
)
\c@part=\count167
\c@chapter=\count168
\c@section=\count169
\c@subsection=\count170
\c@subsubsection=\count171
\c@paragraph=\count172
\c@subparagraph=\count173
\c@figure=\count174
\c@table=\count175
\abovecaptionskip=\skip47
\belowcaptionskip=\skip48
\bibindent=\dimen135
)
(/usr/share/texlive/texmf-dist/tex/latex/tools/multicol.sty
Package: multicol 2019/12/09 v1.8y multicolumn formatting (FMi)
\c@tracingmulticols=\count176
\mult@box=\box45
\multicol@leftmargin=\dimen136
\c@unbalance=\count177
\c@collectmore=\count178
\doublecol@number=\count179
\multicoltolerance=\count180
\multicolpretolerance=\count181
\full@width=\dimen137
\page@free=\dimen138
\premulticols=\dimen139
\postmulticols=\dimen140
\multicolsep=\skip49
\multicolbaselineskip=\skip50
\partial@page=\box46
\last@line=\box47
\maxbalancingoverflow=\dimen141
\mult@rightbox=\box48
\mult@grightbox=\box49
\mult@gfirstbox=\box50
\mult@firstbox=\box51
\@tempa=\box52
\@tempa=\box53
\@tempa=\box54
\@tempa=\box55
\@tempa=\box56
\@tempa=\box57
\@tempa=\box58
\@tempa=\box59
\@tempa=\box60
\@tempa=\box61
\@tempa=\box62
\@tempa=\box63
\@tempa=\box64
\@tempa=\box65
\@tempa=\box66
\@tempa=\box67
\@tempa=\box68
\@tempa=\box69
\@tempa=\box70
\@tempa=\box71
\@tempa=\box72
\@tempa=\box73
\@tempa=\box74
\@tempa=\box75
\@tempa=\box76
\@tempa=\box77
\@tempa=\box78
\@tempa=\box79
\@tempa=\box80
\@tempa=\box81
\@tempa=\box82
\@tempa=\box83
\@tempa=\box84
\@tempa=\box85
\@tempa=\box86
\@tempa=\box87
\@tempa=\box88
\c@minrows=\count182
\c@columnbadness=\count183
\c@finalcolumnbadness=\count184
\last@try=\dimen142
\multicolovershoot=\dimen143
\multicolundershoot=\dimen144
\mult@nat@firstbox=\box89
\colbreak@box=\box90
\mc@col@check@num=\count185
)
(/usr/share/texlive/texmf-dist/tex/latex/tools/enumerate.sty
Package: enumerate 2015/07/23 v3.00 enumerate extensions (DPC)
\@enLab=\toks14
)
(/usr/share/texlive/texmf-dist/tex/latex/enumitem/enumitem.sty
Package: enumitem 2019/06/20 v3.9 Customized lists
\enitkv@toks@=\toks15
\labelindent=\skip51
\enit@outerparindent=\dimen145
\enit@toks=\toks16
\enit@inbox=\box91
\enit@count@id=\count186
\enitdp@description=\count187
)
(/usr/share/texlive/texmf-dist/tex/latex/hyperref/hyperref.sty
Package: hyperref 2020/01/14 v7.00d Hypertext links for LaTeX

(/usr/share/texlive/texmf-dist/tex/generic/ltxcmds/ltxcmds.sty
Package: ltxcmds 2019/12/15 v1.24 LaTeX kernel commands for general use (HO)
)
(/usr/share/texlive/texmf-dist/tex/generic/iftex/iftex.sty
Package: iftex 2019/11/07 v1.0c TeX engine tests
)
(/usr/share/texlive/texmf-dist/tex/latex/pdftexcmds/pdftexcmds.sty
Package: pdftexcmds 2019/11/24 v0.31 Utility functions of pdfTeX for LuaTeX (HO
)

(/usr/share/texlive/texmf-dist/tex/generic/infwarerr/infwarerr.sty
Package: infwarerr 2019/12/03 v1.5 Providing info/warning/error messages (HO)
)
Package pdftexcmds Info: \pdf@primitive is available.
Package pdftexcmds Info: \pdf@ifprimitive is available.
Package pdftexcmds Info: \pdfdraftmode found.
)
(/usr/share/texlive/texmf-dist/tex/latex/graphics/keyval.sty
Package: keyval 2014/10/28 v1.15 key=value parser (DPC)
\KV@toks@=\toks17
)
(/usr/share/texlive/texmf-dist/tex/generic/kvsetkeys/kvsetkeys.sty
Package: kvsetkeys 2019/12/15 v1.18 Key value parser (HO)
)
(/usr/share/texlive/texmf-dist/tex/generic/kvdefinekeys/kvdefinekeys.sty
Package: kvdefinekeys 2019-12-19 v1.6 Define keys (HO)
)
(/usr/share/texlive/texmf-dist/tex/generic/pdfescape/pdfescape.sty
Package: pdfescape 2019/12/09 v1.15 Implements pdfTeX's escape features (HO)
)
(/usr/share/texlive/texmf-dist/tex/latex/hycolor/hycolor.sty
Package: hycolor 2020-01-27 v1.10 Color options for hyperref/bookmark (HO)
)
(/usr/share/texlive/texmf-dist/tex/latex/letltxmacro/letltxmacro.sty
Package: letltxmacro 2019/12/03 v1.6 Let assignment for LaTeX macros (HO)
)
(/usr/share/texlive/texmf-dist/tex/latex/auxhook/auxhook.sty
Package: auxhook 2019-12-17 v1.6 Hooks for auxiliary files (HO)
)
(/usr/share/texlive/texmf-dist/tex/latex/kvoptions/kvoptions.sty
Package: kvoptions 2019/11/29 v3.13 Key value format for package options (HO)
)
\@linkdim=\dimen146
\Hy@linkcounter=\count188
\Hy@pagecounter=\count189

(/usr/share/texlive/texmf-dist/tex/latex/hyperref/pd1enc.def
File: pd1enc.def 2020/01/14 v7.00d Hyperref: PDFDocEncoding definition (HO)
Now handling font encoding PD1 ...
... no UTF-8 mapping file for font encoding PD1
)
(/usr/share/texlive/texmf-dist/tex/generic/intcalc/intcalc.sty
Package: intcalc 2019/12/15 v1.3 Expandable calculations with integers (HO)
)
(/usr/share/texlive/texmf-dist/tex/generic/etexcmds/etexcmds.sty
Package: etexcmds 2019/12/15 v1.7 Avoid name clashes with e-TeX commands (HO)
)
\Hy@SavedSpaceFactor=\count190
\pdfmajorversion=\count191
Package hyperref Info: Hyper figures OFF on input line 4547.
Package hyperref Info: Link nesting OFF on input line 4552.
Package hyperref Info: Hyper index ON on input line 4555.
Package hyperref Info: Plain pages OFF on input line 4562.
Package hyperref Info: Backreferencing OFF on input line 4567.
Package hyperref Info: Implicit mode ON; LaTeX internals redefined.
Package hyperref Info: Bookmarks ON on input line 4800.
\c@Hy@tempcnt=\count192

(/usr/share/texlive/texmf-dist/tex/latex/url/url.sty
\Urlmuskip=\muskip16
Package: url 2013/09/16  ver 3.4  Verb mode for urls, etc.
)
LaTeX Info: Redefining \url on input line 5159.
\XeTeXLinkMargin=\dimen147

(/usr/share/texlive/texmf-dist/tex/generic/bitset/bitset.sty
Package: bitset 2019/12/09 v1.3 Handle bit-vector datatype (HO)

(/usr/share/texlive/texmf-dist/tex/generic/bigintcalc/bigintcalc.sty
Package: bigintcalc 2019/12/15 v1.5 Expandable calculations on big integers (HO
)
))
\Fld@menulength=\count193
\Field@Width=\dimen148
\Fld@charsize=\dimen149
Package hyperref Info: Hyper figures OFF on input line 6430.
Package hyperref Info: Link nesting OFF on input line 6435.
Package hyperref Info: Hyper index ON on input line 6438.
Package hyperref Info: backreferencing OFF on input line 6445.
Package hyperref Info: Link coloring OFF on input line 6450.
Package hyperref Info: Link coloring with OCG OFF on input line 6455.
Package hyperref Info: PDF/A mode OFF on input line 6460.
LaTeX Info: Redefining \ref on input line 6500.
LaTeX Info: Redefining \pageref on input line 6504.

(/usr/share/texlive/texmf-dist/tex/generic/atbegshi/atbegshi.sty
Package: atbegshi 2019/12/05 v1.19 At begin shipout hook (HO)
)
\Hy@abspage=\count194
\c@Item=\count195
\c@Hfootnote=\count196
)
Package hyperref Info: Driver (autodetected): hpdftex.

(/usr/share/texlive/texmf-dist/tex/latex/hyperref/hpdftex.def
File: hpdftex.def 2020/01/14 v7.00d Hyperref driver for pdfTeX

(/usr/share/texlive/texmf-dist/tex/latex/atveryend/atveryend.sty
Package: atveryend 2019-12-11 v1.11 Hooks at the very end of document (HO)
Package atveryend Info: \enddocument detected (standard20110627).
)
\Fld@listcount=\count197
\c@bookmark@seq@number=\count198

(/usr/share/texlive/texmf-dist/tex/latex/rerunfilecheck/rerunfilecheck.sty
Package: rerunfilecheck 2019/12/05 v1.9 Rerun checks for auxiliary files (HO)

(/usr/share/texlive/texmf-dist/tex/generic/uniquecounter/uniquecounter.sty
Package: uniquecounter 2019/12/15 v1.4 Provide unlimited unique counter (HO)
)
Package uniquecounter Info: New unique counter `rerunfilecheck' on input line 2
86.
)
\Hy@SectionHShift=\skip52
)
(/usr/share/texlive/texmf-dist/tex/latex/graphics/color.sty
Package: color 2019/11/23 v1.2a Standard LaTeX Color (DPC)

(/usr/share/texlive/texmf-dist/tex/latex/graphics-cfg/color.cfg
File: color.cfg 2016/01/02 v1.6 sample color configuration
)
Package color Info: Driver file: pdftex.def on input line 147.

(/usr/share/texlive/texmf-dist/tex/latex/graphics-def/pdftex.def
File: pdftex.def 2018/01/08 v1.0l Graphics/color driver for pdftex
))
(/usr/share/texlive/texmf-dist/tex/latex/soul/soul.sty
Package: soul 2003/11/17 v2.4 letterspacing/underlining (mf)
\SOUL@word=\toks18
\SOUL@lasttoken=\toks19
\SOUL@cmds=\toks20
\SOUL@buffer=\toks21
\SOUL@token=\toks22
\SOUL@spaceskip=\skip53
\SOUL@ttwidth=\dimen150
\SOUL@uldp=\dimen151
\SOUL@ulht=\dimen152
)
(/usr/share/texlive/texmf-dist/tex/latex/setspace/setspace.sty
Package: setspace 2011/12/19 v6.7a set line spacing
)
(/usr/share/texlive/texmf-dist/tex/latex/parskip/parskip.sty
Package: parskip 2020-01-22 v2.0d non-zero parskip adjustments

(/usr/share/texlive/texmf-dist/tex/latex/etoolbox/etoolbox.sty
Package: etoolbox 2019/09/21 v2.5h e-TeX tools for LaTeX (JAW)
\etb@tempcnta=\count199
))
(/usr/share/texlive/texmf-dist/tex/latex/fancyhdr/fancyhdr.sty
Package: fancyhdr 2019/01/31 v3.10 Extensive control of page headers and footer
s
\f@nch@headwidth=\skip54
\f@nch@O@elh=\skip55
\f@nch@O@erh=\skip56
\f@nch@O@olh=\skip57
\f@nch@O@orh=\skip58
\f@nch@O@elf=\skip59
\f@nch@O@erf=\skip60
\f@nch@O@olf=\skip61
\f@nch@O@orf=\skip62
)
(/usr/share/texlive/texmf-dist/tex/latex/amsfonts/amssymb.sty
Package: amssymb 2013/01/14 v3.01 AMS font symbols

(/usr/share/texlive/texmf-dist/tex/latex/amsfonts/amsfonts.sty
Package: amsfonts 2013/01/14 v3.01 Basic AMSFonts support
\@emptytoks=\toks23
\symAMSa=\mathgroup4
\symAMSb=\mathgroup5
LaTeX Font Info:    Redeclaring math symbol \hbar on input line 98.
LaTeX Font Info:    Overwriting math alphabet `\mathfrak' in version `bold'
(Font)                  U/euf/m/n --> U/euf/b/n on input line 106.
))
(/usr/share/texlive/texmf-dist/tex/latex/amscls/amsthm.sty
Package: amsthm 2017/10/31 v2.20.4
\thm@style=\toks24
\thm@bodyfont=\toks25
\thm@headfont=\toks26
\thm@notefont=\toks27
\thm@headpunct=\toks28
\thm@preskip=\skip63
\thm@postskip=\skip64
\thm@headsep=\skip65
\dth@everypar=\toks29
)
(/usr/share/texlive/texmf-dist/tex/latex/amsmath/amsmath.sty
Package: amsmath 2020/01/20 v2.17e AMS math features
\@mathmargin=\skip66

For additional information on amsmath, use the `?' option.
(/usr/share/texlive/texmf-dist/tex/latex/amsmath/amstext.sty
Package: amstext 2000/06/29 v2.01 AMS text

(/usr/share/texlive/texmf-dist/tex/latex/amsmath/amsgen.sty
File: amsgen.sty 1999/11/30 v2.0 generic functions
\@emptytoks=\toks30
\ex@=\dimen153
))
(/usr/share/texlive/texmf-dist/tex/latex/amsmath/amsbsy.sty
Package: amsbsy 1999/11/29 v1.2d Bold Symbols
\pmbraise@=\dimen154
)
(/usr/share/texlive/texmf-dist/tex/latex/amsmath/amsopn.sty
Package: amsopn 2016/03/08 v2.02 operator names
)
\inf@bad=\count266
LaTeX Info: Redefining \frac on input line 227.
\uproot@=\count267
\leftroot@=\count268
LaTeX Info: Redefining \overline on input line 389.
\classnum@=\count269
\DOTSCASE@=\count270
LaTeX Info: Redefining \ldots on input line 486.
LaTeX Info: Redefining \dots on input line 489.
LaTeX Info: Redefining \cdots on input line 610.
\Mathstrutbox@=\box92
\strutbox@=\box93
\big@size=\dimen155
LaTeX Font Info:    Redeclaring font encoding OML on input line 733.
LaTeX Font Info:    Redeclaring font encoding OMS on input line 734.
\macc@depth=\count271
\c@MaxMatrixCols=\count272
\dotsspace@=\muskip17
\c@parentequation=\count273
\dspbrk@lvl=\count274
\tag@help=\toks31
\row@=\count275
\column@=\count276
\maxfields@=\count277
\andhelp@=\toks32
\eqnshift@=\dimen156
\alignsep@=\dimen157
\tagshift@=\dimen158
\tagwidth@=\dimen159
\totwidth@=\dimen160
\lineht@=\dimen161
\@envbody=\toks33
\multlinegap=\skip67
\multlinetaggap=\skip68
\mathdisplay@stack=\toks34
LaTeX Info: Redefining \[ on input line 2859.
LaTeX Info: Redefining \] on input line 2860.
)
(/usr/share/texlive/texmf-dist/tex/latex/base/latexsym.sty
Package: latexsym 1998/08/17 v2.2e Standard LaTeX package (lasy symbols)
\symlasy=\mathgroup6
LaTeX Font Info:    Overwriting symbol font `lasy' in version `bold'
(Font)                  U/lasy/m/n --> U/lasy/b/n on input line 52.
)
(/usr/share/texlive/texmf-dist/tex/latex/units/units.sty
Package: units 1998/08/04 v0.9b Typesetting units

(/usr/share/texlive/texmf-dist/tex/latex/base/ifthen.sty
Package: ifthen 2014/09/29 v1.1c Standard LaTeX ifthen package (DPC)
)
(/usr/share/texlive/texmf-dist/tex/latex/units/nicefrac.sty
Package: nicefrac 1998/08/04 v0.9b Nice fractions
\L@UnitsRaiseDisplaystyle=\skip69
\L@UnitsRaiseTextstyle=\skip70
\L@UnitsRaiseScriptstyle=\skip71
))
(/usr/share/texlive/texmf-dist/tex/latex/mathtools/mathtools.sty
Package: mathtools 2020/01/17 v1.23 mathematical typesetting tools

(/usr/share/texlive/texmf-dist/tex/latex/tools/calc.sty
Package: calc 2017/05/25 v4.3 Infix arithmetic (KKT,FJ)
\calc@Acount=\count278
\calc@Bcount=\count279
\calc@Adimen=\dimen162
\calc@Bdimen=\dimen163
\calc@Askip=\skip72
\calc@Bskip=\skip73
LaTeX Info: Redefining \setlength on input line 80.
LaTeX Info: Redefining \addtolength on input line 81.
\calc@Ccount=\count280
\calc@Cskip=\skip74
)
(/usr/share/texlive/texmf-dist/tex/latex/mathtools/mhsetup.sty
Package: mhsetup 2017/03/31 v1.3 programming setup (MH)
)
LaTeX Info: Thecontrolsequence`\('isalreadyrobust on input line 129.
LaTeX Info: Thecontrolsequence`\)'isalreadyrobust on input line 129.
LaTeX Info: Thecontrolsequence`\['isalreadyrobust on input line 129.
LaTeX Info: Thecontrolsequence`\]'isalreadyrobust on input line 129.
\g_MT_multlinerow_int=\count281
\l_MT_multwidth_dim=\dimen164
\origjot=\skip75
\l_MT_shortvdotswithinadjustabove_dim=\dimen165
\l_MT_shortvdotswithinadjustbelow_dim=\dimen166
\l_MT_above_intertext_sep=\dimen167
\l_MT_below_intertext_sep=\dimen168
\l_MT_above_shortintertext_sep=\dimen169
\l_MT_below_shortintertext_sep=\dimen170
)
(/usr/share/texlive/texmf-dist/tex/latex/geometry/geometry.sty
Package: geometry 2020/01/02 v5.9 Page Geometry

(/usr/share/texlive/texmf-dist/tex/generic/iftex/ifvtex.sty
Package: ifvtex 2019/10/25 v1.7 ifvtex legacy package. Use iftex instead.
)
\Gm@cnth=\count282
\Gm@cntv=\count283
\c@Gm@tempcnt=\count284
\Gm@bindingoffset=\dimen171
\Gm@wd@mp=\dimen172
\Gm@odd@mp=\dimen173
\Gm@even@mp=\dimen174
\Gm@layoutwidth=\dimen175
\Gm@layoutheight=\dimen176
\Gm@layouthoffset=\dimen177
\Gm@layoutvoffset=\dimen178
\Gm@dimlist=\toks35
)
(/usr/share/texlive/texmf-dist/tex/latex/xcolor/xcolor.sty
Package: xcolor 2016/05/11 v2.12 LaTeX color extensions (UK)

(/usr/share/texlive/texmf-dist/tex/latex/graphics-cfg/color.cfg
File: color.cfg 2016/01/02 v1.6 sample color configuration
)
Package xcolor Info: Package option `usenames' ignored on input line 216.
Package xcolor Info: Driver file: pdftex.def on input line 225.
LaTeX Info: Redefining \color on input line 709.
Package xcolor Info: Model `cmy' substituted by `cmy0' on input line 1348.
Package xcolor Info: Model `hsb' substituted by `rgb' on input line 1352.
Package xcolor Info: Model `RGB' extended on input line 1364.
Package xcolor Info: Model `HTML' substituted by `rgb' on input line 1366.
Package xcolor Info: Model `Hsb' substituted by `hsb' on input line 1367.
Package xcolor Info: Model `tHsb' substituted by `hsb' on input line 1368.
Package xcolor Info: Model `HSB' substituted by `hsb' on input line 1369.
Package xcolor Info: Model `Gray' substituted by `gray' on input line 1370.
Package xcolor Info: Model `wave' substituted by `hsb' on input line 1371.

(/usr/share/texlive/texmf-dist/tex/latex/graphics/dvipsnam.def
File: dvipsnam.def 2016/06/17 v3.0m Driver-dependent file (DPC,SPQR)
))
(/usr/share/texlive/texmf-dist/tex/latex/dashrule/dashrule.sty
Package: dashrule 2013/03/28 v1.3 Dashed rules

(/usr/share/texlive/texmf-dist/tex/latex/ifmtarg/ifmtarg.sty
Package: ifmtarg 2018/04/16 v1.2b check for an empty argument
)
\c@hdr@segments=\count285
)
(/usr/share/texlive/texmf-dist/tex/latex/l3backend/l3backend-pdfmode.def
File: l3backend-pdfmode.def 2020-02-03 L3 backend support: PDF mode
\l__kernel_color_stack_int=\count286
\l__pdf_internal_box=\box94
)
No file Module6ALL.aux.
\openout1 = `Module6ALL.aux'.

LaTeX Font Info:    Checking defaults for OML/cmm/m/it on input line 17.
LaTeX Font Info:    ... okay on input line 17.
LaTeX Font Info:    Checking defaults for OMS/cmsy/m/n on input line 17.
LaTeX Font Info:    ... okay on input line 17.
LaTeX Font Info:    Checking defaults for OT1/cmr/m/n on input line 17.
LaTeX Font Info:    ... okay on input line 17.
LaTeX Font Info:    Checking defaults for T1/cmr/m/n on input line 17.
LaTeX Font Info:    ... okay on input line 17.
LaTeX Font Info:    Checking defaults for TS1/cmr/m/n on input line 17.
LaTeX Font Info:    ... okay on input line 17.
LaTeX Font Info:    Checking defaults for OMX/cmex/m/n on input line 17.
LaTeX Font Info:    ... okay on input line 17.
LaTeX Font Info:    Checking defaults for U/cmr/m/n on input line 17.
LaTeX Font Info:    ... okay on input line 17.
LaTeX Font Info:    Checking defaults for PD1/pdf/m/n on input line 17.
LaTeX Font Info:    ... okay on input line 17.
\AtBeginShipoutBox=\box95
Package hyperref Info: Link coloring OFF on input line 17.
(/usr/share/texlive/texmf-dist/tex/latex/hyperref/nameref.sty
Package: nameref 2019/09/16 v2.46 Cross-referencing by name of section

(/usr/share/texlive/texmf-dist/tex/latex/refcount/refcount.sty
Package: refcount 2019/12/15 v3.6 Data extraction from label references (HO)
)
(/usr/share/texlive/texmf-dist/tex/generic/gettitlestring/gettitlestring.sty
Package: gettitlestring 2019/12/15 v1.6 Cleanup title references (HO)
)
\c@section@level=\count287
)
LaTeX Info: Redefining \ref on input line 17.
LaTeX Info: Redefining \pageref on input line 17.
LaTeX Info: Redefining \nameref on input line 17.
\@outlinefile=\write3
\openout3 = `Module6ALL.out'.


(/usr/share/texlive/texmf-dist/tex/context/base/mkii/supp-pdf.mkii
[Loading MPS to PDF converter (version 2006.09.02).]
\scratchcounter=\count288
\scratchdimen=\dimen179
\scratchbox=\box96
\nofMPsegments=\count289
\nofMParguments=\count290
\everyMPshowfont=\toks36
\MPscratchCnt=\count291
\MPscratchDim=\dimen180
\MPnumerator=\count292
\makeMPintoPDFobject=\count293
\everyMPtoPDFconversion=\toks37
) (/usr/share/texlive/texmf-dist/tex/latex/graphics/graphicx.sty
Package: graphicx 2019/11/30 v1.2a Enhanced LaTeX Graphics (DPC,SPQR)

(/usr/share/texlive/texmf-dist/tex/latex/graphics/graphics.sty
Package: graphics 2019/11/30 v1.4a Standard LaTeX Graphics (DPC,SPQR)

(/usr/share/texlive/texmf-dist/tex/latex/graphics/trig.sty
Package: trig 2016/01/03 v1.10 sin cos tan (DPC)
)
(/usr/share/texlive/texmf-dist/tex/latex/graphics-cfg/graphics.cfg
File: graphics.cfg 2016/06/04 v1.11 sample graphics configuration
)
Package graphics Info: Driver file: pdftex.def on input line 105.
)
\Gin@req@height=\dimen181
\Gin@req@width=\dimen182
)
*geometry* driver: auto-detecting
*geometry* detected driver: pdftex
*geometry* verbose mode - [ preamble ] result:
* driver: pdftex
* paper: <default>
* layout: <same size as paper>
* layoutoffset:(h,v)=(0.0pt,0.0pt)
* modes: twoside 
* h-part:(L,W,R)=(72.26999pt, 469.75502pt, 72.26999pt)
* v-part:(T,H,B)=(72.26999pt, 650.43001pt, 72.26999pt)
* \paperwidth=614.295pt
* \paperheight=794.96999pt
* \textwidth=469.75502pt
* \textheight=650.43001pt
* \oddsidemargin=0.0pt
* \evensidemargin=0.0pt
* \topmargin=-26.22636pt
* \headheight=12.0pt
* \headsep=14.22636pt
* \topskip=14.0pt
* \footskip=30.0pt
* \marginparwidth=71.0pt
* \marginparsep=10.0pt
* \columnsep=10.0pt
* \skip\footins=12.0pt plus 4.0pt minus 2.0pt
* \hoffset=0.0pt
* \voffset=0.0pt
* \mag=1000
* \@twocolumnfalse
* \@twosidetrue
* \@mparswitchtrue
* \@reversemarginfalse
* (1in=72.27pt=25.4mm, 1cm=28.453pt)

LaTeX Font Info:    Trying to load font information for U+msa on input line 28.

(/usr/share/texlive/texmf-dist/tex/latex/amsfonts/umsa.fd
File: umsa.fd 2013/01/14 v3.01 AMS symbols A
)
LaTeX Font Info:    Trying to load font information for U+msb on input line 28.


(/usr/share/texlive/texmf-dist/tex/latex/amsfonts/umsb.fd
File: umsb.fd 2013/01/14 v3.01 AMS symbols B
)
LaTeX Font Info:    Trying to load font information for U+lasy on input line 28
.

(/usr/share/texlive/texmf-dist/tex/latex/base/ulasy.fd
File: ulasy.fd 1998/08/17 v2.2e LaTeX symbol font definitions
)
Overfull \hbox (6.79684pt too wide) in paragraph at lines 28--32
| [] 
 []

<../Figures/polyEndBehaviorAA.png, id=4, 182.18062pt x 204.01219pt>
File: ../Figures/polyEndBehaviorAA.png Graphic file (type png)
<use ../Figures/polyEndBehaviorAA.png>
Package pdftex.def Info: ../Figures/polyEndBehaviorAA.png  used on input line 3
2.
(pdftex.def)             Requested size: 140.92793pt x 157.82141pt.
<../Figures/polyEndBehaviorBA.png, id=6, 184.43906pt x 124.21407pt>
File: ../Figures/polyEndBehaviorBA.png Graphic file (type png)
<use ../Figures/polyEndBehaviorBA.png>
Package pdftex.def Info: ../Figures/polyEndBehaviorBA.png  used on input line 3
2.
(pdftex.def)             Requested size: 140.92793pt x 94.90971pt.
<../Figures/polyEndBehaviorCA.png, id=7, 180.675pt x 127.22531pt>
File: ../Figures/polyEndBehaviorCA.png Graphic file (type png)
<use ../Figures/polyEndBehaviorCA.png>
Package pdftex.def Info: ../Figures/polyEndBehaviorCA.png  used on input line 3
2.
(pdftex.def)             Requested size: 140.92793pt x 99.23727pt.
<../Figures/polyEndBehaviorDA.png, id=8, 179.92218pt x 213.04594pt>
File: ../Figures/polyEndBehaviorDA.png Graphic file (type png)
<use ../Figures/polyEndBehaviorDA.png>
Package pdftex.def Info: ../Figures/polyEndBehaviorDA.png  used on input line 3
2.
(pdftex.def)             Requested size: 140.92793pt x 166.88708pt.

Overfull \hbox (6.79684pt too wide) in paragraph at lines 32--36
| [] 
 []


Package Fancyhdr Warning: \headheight is too small (12.0pt): 
Make it at least 17.0pt.
We now make it that large for the rest of the document.
This may cause the page layout to be inconsistent, however.

[1{/var/lib/texmf/fonts/map/pdftex/updmap/pdftex.map}

 <../Figures/polyEndBehaviorAA.png> <../Figures/polyEndBehaviorBA.png> <../Figu
res/polyEndBehaviorCA.png> <../Figures/polyEndBehaviorDA.png>]
<../Figures/polyEndBehaviorCopyAA.png, id=34, 182.18062pt x 204.01219pt>
File: ../Figures/polyEndBehaviorCopyAA.png Graphic file (type png)
<use ../Figures/polyEndBehaviorCopyAA.png>
Package pdftex.def Info: ../Figures/polyEndBehaviorCopyAA.png  used on input li
ne 36.
(pdftex.def)             Requested size: 140.92793pt x 157.82141pt.
<../Figures/polyEndBehaviorCopyBA.png, id=35, 184.43906pt x 124.21407pt>
File: ../Figures/polyEndBehaviorCopyBA.png Graphic file (type png)
<use ../Figures/polyEndBehaviorCopyBA.png>
Package pdftex.def Info: ../Figures/polyEndBehaviorCopyBA.png  used on input li
ne 36.
(pdftex.def)             Requested size: 140.92793pt x 94.90971pt.
<../Figures/polyEndBehaviorCopyCA.png, id=36, 180.675pt x 127.22531pt>
File: ../Figures/polyEndBehaviorCopyCA.png Graphic file (type png)
<use ../Figures/polyEndBehaviorCopyCA.png>
Package pdftex.def Info: ../Figures/polyEndBehaviorCopyCA.png  used on input li
ne 36.
(pdftex.def)             Requested size: 140.92793pt x 99.23727pt.
<../Figures/polyEndBehaviorCopyDA.png, id=37, 179.92218pt x 213.04594pt>
File: ../Figures/polyEndBehaviorCopyDA.png Graphic file (type png)
<use ../Figures/polyEndBehaviorCopyDA.png>
Package pdftex.def Info: ../Figures/polyEndBehaviorCopyDA.png  used on input li
ne 36.
(pdftex.def)             Requested size: 140.92793pt x 166.88708pt.

Overfull \hbox (6.79684pt too wide) in paragraph at lines 36--45
| [] 
 []


Overfull \hbox (6.79684pt too wide) in paragraph at lines 45--49
| [] 
 []

[2 <../Figures/polyEndBehaviorCopyAA.png> <../Figures/polyEndBehaviorCopyBA.png
> <../Figures/polyEndBehaviorCopyCA.png> <../Figures/polyEndBehaviorCopyDA.png>
]
<../Figures/polyZeroBehaviorAA.png, id=58, 90.3375pt x 103.88812pt>
File: ../Figures/polyZeroBehaviorAA.png Graphic file (type png)
<use ../Figures/polyZeroBehaviorAA.png>
Package pdftex.def Info: ../Figures/polyZeroBehaviorAA.png  used on input line 
49.
(pdftex.def)             Requested size: 140.92793pt x 162.08224pt.
<../Figures/polyZeroBehaviorBA.png, id=59, 133.24782pt x 161.10187pt>
File: ../Figures/polyZeroBehaviorBA.png Graphic file (type png)
<use ../Figures/polyZeroBehaviorBA.png>
Package pdftex.def Info: ../Figures/polyZeroBehaviorBA.png  used on input line 
49.
(pdftex.def)             Requested size: 140.92793pt x 170.40334pt.
<../Figures/polyZeroBehaviorCA.png, id=60, 90.3375pt x 103.88812pt>
File: ../Figures/polyZeroBehaviorCA.png Graphic file (type png)
<use ../Figures/polyZeroBehaviorCA.png>
Package pdftex.def Info: ../Figures/polyZeroBehaviorCA.png  used on input line 
49.
(pdftex.def)             Requested size: 140.92793pt x 162.08224pt.
<../Figures/polyZeroBehaviorDA.png, id=61, 90.3375pt x 103.88812pt>
File: ../Figures/polyZeroBehaviorDA.png Graphic file (type png)
<use ../Figures/polyZeroBehaviorDA.png>
Package pdftex.def Info: ../Figures/polyZeroBehaviorDA.png  used on input line 
49.
(pdftex.def)             Requested size: 140.92793pt x 162.08224pt.

Overfull \hbox (6.79684pt too wide) in paragraph at lines 49--62
| [] 
 []

<../Figures/polyGraphToFunctionA.png, id=62, 494.3268pt x 361.35pt>
File: ../Figures/polyGraphToFunctionA.png Graphic file (type png)
<use ../Figures/polyGraphToFunctionA.png>
Package pdftex.def Info: ../Figures/polyGraphToFunctionA.png  used on input lin
e 62.
(pdftex.def)             Requested size: 234.8775pt x 171.69817pt.

Underfull \vbox (badness 10000) has occurred while \output is active []

 [3 <../Figures/polyZeroBehaviorAA.png> <../Figures/polyZeroBehaviorBA.png> <..
/Figures/polyZeroBehaviorCA.png> <../Figures/polyZeroBehaviorDA.png>]
Overfull \hbox (6.79684pt too wide) in paragraph at lines 62--71
| [] 
 []


Overfull \hbox (6.79684pt too wide) in paragraph at lines 71--75
| [] 
 []

[4 <../Figures/polyGraphToFunctionA.png>]
<../Figures/polyZeroBehaviorCopyAA.png, id=93, 90.3375pt x 103.88812pt>
File: ../Figures/polyZeroBehaviorCopyAA.png Graphic file (type png)
<use ../Figures/polyZeroBehaviorCopyAA.png>
Package pdftex.def Info: ../Figures/polyZeroBehaviorCopyAA.png  used on input l
ine 75.
(pdftex.def)             Requested size: 140.92793pt x 162.08224pt.
<../Figures/polyZeroBehaviorCopyBA.png, id=94, 133.24782pt x 161.10187pt>
File: ../Figures/polyZeroBehaviorCopyBA.png Graphic file (type png)
<use ../Figures/polyZeroBehaviorCopyBA.png>
Package pdftex.def Info: ../Figures/polyZeroBehaviorCopyBA.png  used on input l
ine 75.
(pdftex.def)             Requested size: 140.92793pt x 170.40334pt.
<../Figures/polyZeroBehaviorCopyCA.png, id=95, 90.3375pt x 103.88812pt>
File: ../Figures/polyZeroBehaviorCopyCA.png Graphic file (type png)
<use ../Figures/polyZeroBehaviorCopyCA.png>
Package pdftex.def Info: ../Figures/polyZeroBehaviorCopyCA.png  used on input l
ine 75.
(pdftex.def)             Requested size: 140.92793pt x 162.08224pt.
<../Figures/polyZeroBehaviorCopyDA.png, id=96, 90.3375pt x 103.88812pt>
File: ../Figures/polyZeroBehaviorCopyDA.png Graphic file (type png)
<use ../Figures/polyZeroBehaviorCopyDA.png>
Package pdftex.def Info: ../Figures/polyZeroBehaviorCopyDA.png  used on input l
ine 75.
(pdftex.def)             Requested size: 140.92793pt x 162.08224pt.

Overfull \hbox (6.79684pt too wide) in paragraph at lines 75--84
| [] 
 []


Overfull \hbox (2.51875pt too wide) in paragraph at lines 84--84
[]$\OML/cmm/m/it/14.4 a \OMS/cmsy/m/n/14.4 2 \OT1/cmr/m/n/14.4 [13\OML/cmm/m/it
/14.4 ; \OT1/cmr/m/n/14.4 24]\OML/cmm/m/it/14.4 ; b \OMS/cmsy/m/n/14.4 2 \OT1/c
mr/m/n/14.4 [\OMS/cmsy/m/n/14.4 ^^@\OT1/cmr/m/n/14.4 110\OML/cmm/m/it/14.4 ; \O
MS/cmsy/m/n/14.4 ^^@\OT1/cmr/m/n/14.4 101]\OML/cmm/m/it/14.4 ; c \OMS/cmsy/m/n/
14.4 2 \OT1/cmr/m/n/14.4 [\OMS/cmsy/m/n/14.4 ^^@\OT1/cmr/m/n/14.4 10\OML/cmm/m/
it/14.4 ; \OMS/cmsy/m/n/14.4 ^^@\OT1/cmr/m/n/14.4 4]\OML/cmm/m/it/14.4 ; []d \O
MS/cmsy/m/n/14.4 2 \OT1/cmr/m/n/14.4 [\OMS/cmsy/m/n/14.4 ^^@\OT1/cmr/m/n/14.4 2
47\OML/cmm/m/it/14.4 ; \OMS/cmsy/m/n/14.4 ^^@\OT1/cmr/m/n/14.4 238]$ 
 []


Overfull \hbox (9.56866pt too wide) in paragraph at lines 84--84
[]$\OML/cmm/m/it/14.4 a \OMS/cmsy/m/n/14.4 2 \OT1/cmr/m/n/14.4 [13\OML/cmm/m/it
/14.4 ; \OT1/cmr/m/n/14.4 24]\OML/cmm/m/it/14.4 ; b \OMS/cmsy/m/n/14.4 2 \OT1/c
mr/m/n/14.4 [\OMS/cmsy/m/n/14.4 ^^@\OT1/cmr/m/n/14.4 60\OML/cmm/m/it/14.4 ; \OM
S/cmsy/m/n/14.4 ^^@\OT1/cmr/m/n/14.4 56]\OML/cmm/m/it/14.4 ; c \OMS/cmsy/m/n/14
.4 2 \OT1/cmr/m/n/14.4 [\OMS/cmsy/m/n/14.4 ^^@\OT1/cmr/m/n/14.4 287\OML/cmm/m/i
t/14.4 ; \OMS/cmsy/m/n/14.4 ^^@\OT1/cmr/m/n/14.4 277]\OML/cmm/m/it/14.4 ; []d \
OMS/cmsy/m/n/14.4 2 \OT1/cmr/m/n/14.4 [\OMS/cmsy/m/n/14.4 ^^@\OT1/cmr/m/n/14.4 
247\OML/cmm/m/it/14.4 ; \OMS/cmsy/m/n/14.4 ^^@\OT1/cmr/m/n/14.4 238]$ 
 []


Overfull \hbox (6.79684pt too wide) in paragraph at lines 84--97
| [] 
 []

[5 <../Figures/polyZeroBehaviorCopyAA.png> <../Figures/polyZeroBehaviorCopyBA.p
ng> <../Figures/polyZeroBehaviorCopyCA.png> <../Figures/polyZeroBehaviorCopyDA.
png>]
<../Figures/polyGraphToFunctionCopyA.png, id=113, 471.9231pt x 361.35pt>
File: ../Figures/polyGraphToFunctionCopyA.png Graphic file (type png)
<use ../Figures/polyGraphToFunctionCopyA.png>
Package pdftex.def Info: ../Figures/polyGraphToFunctionCopyA.png  used on input
 line 97.
(pdftex.def)             Requested size: 234.8775pt x 179.84198pt.

Overfull \hbox (6.79684pt too wide) in paragraph at lines 97--106
| [] 
 []


Overfull \hbox (6.79684pt too wide) in paragraph at lines 106--110
| [] 
 []

[6 <../Figures/polyGraphToFunctionCopyA.png>]
<../Figures/polyEndBehaviorAB.png, id=131, 182.18062pt x 204.01219pt>
File: ../Figures/polyEndBehaviorAB.png Graphic file (type png)
<use ../Figures/polyEndBehaviorAB.png>
Package pdftex.def Info: ../Figures/polyEndBehaviorAB.png  used on input line 1
10.
(pdftex.def)             Requested size: 140.92793pt x 157.82141pt.
<../Figures/polyEndBehaviorBB.png, id=132, 184.43906pt x 124.21407pt>
File: ../Figures/polyEndBehaviorBB.png Graphic file (type png)
<use ../Figures/polyEndBehaviorBB.png>
Package pdftex.def Info: ../Figures/polyEndBehaviorBB.png  used on input line 1
10.
(pdftex.def)             Requested size: 140.92793pt x 94.90971pt.
<../Figures/polyEndBehaviorCB.png, id=133, 180.675pt x 127.22531pt>
File: ../Figures/polyEndBehaviorCB.png Graphic file (type png)
<use ../Figures/polyEndBehaviorCB.png>
Package pdftex.def Info: ../Figures/polyEndBehaviorCB.png  used on input line 1
10.
(pdftex.def)             Requested size: 140.92793pt x 99.23727pt.
<../Figures/polyEndBehaviorDB.png, id=134, 179.92218pt x 213.04594pt>
File: ../Figures/polyEndBehaviorDB.png Graphic file (type png)
<use ../Figures/polyEndBehaviorDB.png>
Package pdftex.def Info: ../Figures/polyEndBehaviorDB.png  used on input line 1
10.
(pdftex.def)             Requested size: 140.92793pt x 166.88708pt.

Overfull \hbox (6.79684pt too wide) in paragraph at lines 110--114
| [] 
 []

<../Figures/polyEndBehaviorCopyAB.png, id=135, 182.18062pt x 204.01219pt>
File: ../Figures/polyEndBehaviorCopyAB.png Graphic file (type png)
<use ../Figures/polyEndBehaviorCopyAB.png>
Package pdftex.def Info: ../Figures/polyEndBehaviorCopyAB.png  used on input li
ne 114.
(pdftex.def)             Requested size: 140.92793pt x 157.82141pt.
<../Figures/polyEndBehaviorCopyBB.png, id=136, 184.43906pt x 124.21407pt>
File: ../Figures/polyEndBehaviorCopyBB.png Graphic file (type png)
<use ../Figures/polyEndBehaviorCopyBB.png>
Package pdftex.def Info: ../Figures/polyEndBehaviorCopyBB.png  used on input li
ne 114.
(pdftex.def)             Requested size: 140.92793pt x 94.90971pt.
<../Figures/polyEndBehaviorCopyCB.png, id=137, 180.675pt x 127.22531pt>
File: ../Figures/polyEndBehaviorCopyCB.png Graphic file (type png)
<use ../Figures/polyEndBehaviorCopyCB.png>
Package pdftex.def Info: ../Figures/polyEndBehaviorCopyCB.png  used on input li
ne 114.
(pdftex.def)             Requested size: 140.92793pt x 99.23727pt.
<../Figures/polyEndBehaviorCopyDB.png, id=138, 179.92218pt x 213.04594pt>
File: ../Figures/polyEndBehaviorCopyDB.png Graphic file (type png)
<use ../Figures/polyEndBehaviorCopyDB.png>
Package pdftex.def Info: ../Figures/polyEndBehaviorCopyDB.png  used on input li
ne 114.
(pdftex.def)             Requested size: 140.92793pt x 166.88708pt.
[7 <../Figures/polyEndBehaviorAB.png> <../Figures/polyEndBehaviorBB.png> <../Fi
gures/polyEndBehaviorCB.png> <../Figures/polyEndBehaviorDB.png> <../Figures/pol
yEndBehaviorCopyAB.png> <../Figures/polyEndBehaviorCopyBB.png>]
Overfull \hbox (6.79684pt too wide) in paragraph at lines 114--123
| [] 
 []


Overfull \hbox (6.79684pt too wide) in paragraph at lines 123--127
| [] 
 []

<../Figures/polyZeroBehaviorAB.png, id=159, 90.3375pt x 103.88812pt>
File: ../Figures/polyZeroBehaviorAB.png Graphic file (type png)
<use ../Figures/polyZeroBehaviorAB.png>
Package pdftex.def Info: ../Figures/polyZeroBehaviorAB.png  used on input line 
127.
(pdftex.def)             Requested size: 140.92793pt x 162.08224pt.
<../Figures/polyZeroBehaviorBB.png, id=160, 133.24782pt x 161.10187pt>
File: ../Figures/polyZeroBehaviorBB.png Graphic file (type png)
<use ../Figures/polyZeroBehaviorBB.png>
Package pdftex.def Info: ../Figures/polyZeroBehaviorBB.png  used on input line 
127.
(pdftex.def)             Requested size: 140.92793pt x 170.40334pt.

Overfull \vbox (73.18881pt too high) has occurred while \output is active []


Overfull \vbox (73.18881pt too high) has occurred while \output is active []


[8 <../Figures/polyEndBehaviorCopyCB.png> <../Figures/polyEndBehaviorCopyDB.png
> <../Figures/polyZeroBehaviorAB.png>]
<../Figures/polyZeroBehaviorCB.png, id=179, 90.3375pt x 103.88812pt>
File: ../Figures/polyZeroBehaviorCB.png Graphic file (type png)
<use ../Figures/polyZeroBehaviorCB.png>
Package pdftex.def Info: ../Figures/polyZeroBehaviorCB.png  used on input line 
127.
(pdftex.def)             Requested size: 140.92793pt x 162.08224pt.
<../Figures/polyZeroBehaviorDB.png, id=180, 90.3375pt x 103.88812pt>
File: ../Figures/polyZeroBehaviorDB.png Graphic file (type png)
<use ../Figures/polyZeroBehaviorDB.png>
Package pdftex.def Info: ../Figures/polyZeroBehaviorDB.png  used on input line 
127.
(pdftex.def)             Requested size: 140.92793pt x 162.08224pt.

Overfull \hbox (6.79684pt too wide) in paragraph at lines 127--140
| [] 
 []

<../Figures/polyGraphToFunctionB.png, id=181, 509.5035pt x 361.35pt>
File: ../Figures/polyGraphToFunctionB.png Graphic file (type png)
<use ../Figures/polyGraphToFunctionB.png>
Package pdftex.def Info: ../Figures/polyGraphToFunctionB.png  used on input lin
e 140.
(pdftex.def)             Requested size: 234.8775pt x 166.5759pt.
[9 <../Figures/polyZeroBehaviorBB.png> <../Figures/polyZeroBehaviorCB.png> <../
Figures/polyZeroBehaviorDB.png> <../Figures/polyGraphToFunctionB.png>]
Overfull \hbox (6.79684pt too wide) in paragraph at lines 140--149
| [] 
 []


Overfull \hbox (6.79684pt too wide) in paragraph at lines 149--153
| [] 
 []

<../Figures/polyZeroBehaviorCopyAB.png, id=195, 90.3375pt x 103.88812pt>
File: ../Figures/polyZeroBehaviorCopyAB.png Graphic file (type png)
<use ../Figures/polyZeroBehaviorCopyAB.png>
Package pdftex.def Info: ../Figures/polyZeroBehaviorCopyAB.png  used on input l
ine 153.
(pdftex.def)             Requested size: 140.92793pt x 162.08224pt.
<../Figures/polyZeroBehaviorCopyBB.png, id=196, 133.24782pt x 161.10187pt>
File: ../Figures/polyZeroBehaviorCopyBB.png Graphic file (type png)
<use ../Figures/polyZeroBehaviorCopyBB.png>
Package pdftex.def Info: ../Figures/polyZeroBehaviorCopyBB.png  used on input l
ine 153.
(pdftex.def)             Requested size: 140.92793pt x 170.40334pt.
<../Figures/polyZeroBehaviorCopyCB.png, id=197, 90.3375pt x 103.88812pt>
File: ../Figures/polyZeroBehaviorCopyCB.png Graphic file (type png)
<use ../Figures/polyZeroBehaviorCopyCB.png>
Package pdftex.def Info: ../Figures/polyZeroBehaviorCopyCB.png  used on input l
ine 153.
(pdftex.def)             Requested size: 140.92793pt x 162.08224pt.
[10 <../Figures/polyZeroBehaviorCopyAB.png> <../Figures/polyZeroBehaviorCopyBB.
png>]
<../Figures/polyZeroBehaviorCopyDB.png, id=215, 90.3375pt x 103.88812pt>
File: ../Figures/polyZeroBehaviorCopyDB.png Graphic file (type png)
<use ../Figures/polyZeroBehaviorCopyDB.png>
Package pdftex.def Info: ../Figures/polyZeroBehaviorCopyDB.png  used on input l
ine 153.
(pdftex.def)             Requested size: 140.92793pt x 162.08224pt.

Overfull \hbox (6.79684pt too wide) in paragraph at lines 153--162
| [] 
 []


Overfull \hbox (6.79684pt too wide) in paragraph at lines 162--175
| [] 
 []

<../Figures/polyGraphToFunctionCopyB.png, id=216, 494.3268pt x 361.35pt>
File: ../Figures/polyGraphToFunctionCopyB.png Graphic file (type png)
<use ../Figures/polyGraphToFunctionCopyB.png>
Package pdftex.def Info: ../Figures/polyGraphToFunctionCopyB.png  used on input
 line 175.
(pdftex.def)             Requested size: 234.8775pt x 171.69817pt.

Underfull \vbox (badness 10000) has occurred while \output is active []

 [11 <../Figures/polyZeroBehaviorCopyCB.png> <../Figures/polyZeroBehaviorCopyDB
.png>]
Overfull \hbox (6.79684pt too wide) in paragraph at lines 175--184
| [] 
 []


Overfull \hbox (6.79684pt too wide) in paragraph at lines 184--188
| [] 
 []

[12 <../Figures/polyGraphToFunctionCopyB.png>]
<../Figures/polyEndBehaviorAC.png, id=248, 182.18062pt x 204.01219pt>
File: ../Figures/polyEndBehaviorAC.png Graphic file (type png)
<use ../Figures/polyEndBehaviorAC.png>
Package pdftex.def Info: ../Figures/polyEndBehaviorAC.png  used on input line 1
88.
(pdftex.def)             Requested size: 140.92793pt x 157.82141pt.
<../Figures/polyEndBehaviorBC.png, id=249, 184.43906pt x 124.21407pt>
File: ../Figures/polyEndBehaviorBC.png Graphic file (type png)
<use ../Figures/polyEndBehaviorBC.png>
Package pdftex.def Info: ../Figures/polyEndBehaviorBC.png  used on input line 1
88.
(pdftex.def)             Requested size: 140.92793pt x 94.90971pt.
<../Figures/polyEndBehaviorCC.png, id=250, 180.675pt x 127.22531pt>
File: ../Figures/polyEndBehaviorCC.png Graphic file (type png)
<use ../Figures/polyEndBehaviorCC.png>
Package pdftex.def Info: ../Figures/polyEndBehaviorCC.png  used on input line 1
88.
(pdftex.def)             Requested size: 140.92793pt x 99.23727pt.
<../Figures/polyEndBehaviorDC.png, id=251, 179.92218pt x 213.04594pt>
File: ../Figures/polyEndBehaviorDC.png Graphic file (type png)
<use ../Figures/polyEndBehaviorDC.png>
Package pdftex.def Info: ../Figures/polyEndBehaviorDC.png  used on input line 1
88.
(pdftex.def)             Requested size: 140.92793pt x 166.88708pt.

Overfull \hbox (6.79684pt too wide) in paragraph at lines 188--192
| [] 
 []

<../Figures/polyEndBehaviorCopyAC.png, id=252, 182.18062pt x 204.01219pt>
File: ../Figures/polyEndBehaviorCopyAC.png Graphic file (type png)
<use ../Figures/polyEndBehaviorCopyAC.png>
Package pdftex.def Info: ../Figures/polyEndBehaviorCopyAC.png  used on input li
ne 192.
(pdftex.def)             Requested size: 140.92793pt x 157.82141pt.
<../Figures/polyEndBehaviorCopyBC.png, id=253, 184.43906pt x 124.21407pt>
File: ../Figures/polyEndBehaviorCopyBC.png Graphic file (type png)
<use ../Figures/polyEndBehaviorCopyBC.png>
Package pdftex.def Info: ../Figures/polyEndBehaviorCopyBC.png  used on input li
ne 192.
(pdftex.def)             Requested size: 140.92793pt x 94.90971pt.
<../Figures/polyEndBehaviorCopyCC.png, id=254, 180.675pt x 127.22531pt>
File: ../Figures/polyEndBehaviorCopyCC.png Graphic file (type png)
<use ../Figures/polyEndBehaviorCopyCC.png>
Package pdftex.def Info: ../Figures/polyEndBehaviorCopyCC.png  used on input li
ne 192.
(pdftex.def)             Requested size: 140.92793pt x 99.23727pt.
<../Figures/polyEndBehaviorCopyDC.png, id=255, 179.92218pt x 213.04594pt>
File: ../Figures/polyEndBehaviorCopyDC.png Graphic file (type png)
<use ../Figures/polyEndBehaviorCopyDC.png>
Package pdftex.def Info: ../Figures/polyEndBehaviorCopyDC.png  used on input li
ne 192.
(pdftex.def)             Requested size: 140.92793pt x 166.88708pt.
[13 <../Figures/polyEndBehaviorAC.png> <../Figures/polyEndBehaviorBC.png> <../F
igures/polyEndBehaviorCC.png> <../Figures/polyEndBehaviorDC.png> <../Figures/po
lyEndBehaviorCopyAC.png> <../Figures/polyEndBehaviorCopyBC.png> <../Figures/pol
yEndBehaviorCopyCC.png>]
Overfull \hbox (6.79684pt too wide) in paragraph at lines 192--201
| [] 
 []


Overfull \hbox (6.79684pt too wide) in paragraph at lines 201--205
| [] 
 []

<../Figures/polyZeroBehaviorAC.png, id=277, 90.3375pt x 103.88812pt>
File: ../Figures/polyZeroBehaviorAC.png Graphic file (type png)
<use ../Figures/polyZeroBehaviorAC.png>
Package pdftex.def Info: ../Figures/polyZeroBehaviorAC.png  used on input line 
205.
(pdftex.def)             Requested size: 140.92793pt x 162.08224pt.
<../Figures/polyZeroBehaviorBC.png, id=278, 133.24782pt x 161.10187pt>
File: ../Figures/polyZeroBehaviorBC.png Graphic file (type png)
<use ../Figures/polyZeroBehaviorBC.png>
Package pdftex.def Info: ../Figures/polyZeroBehaviorBC.png  used on input line 
205.
(pdftex.def)             Requested size: 140.92793pt x 170.40334pt.

Overfull \vbox (72.83862pt too high) has occurred while \output is active []


Overfull \vbox (72.83862pt too high) has occurred while \output is active []


[14 <../Figures/polyEndBehaviorCopyDC.png> <../Figures/polyZeroBehaviorAC.png>]
<../Figures/polyZeroBehaviorCC.png, id=294, 90.3375pt x 103.88812pt>
File: ../Figures/polyZeroBehaviorCC.png Graphic file (type png)
<use ../Figures/polyZeroBehaviorCC.png>
Package pdftex.def Info: ../Figures/polyZeroBehaviorCC.png  used on input line 
205.
(pdftex.def)             Requested size: 140.92793pt x 162.08224pt.
<../Figures/polyZeroBehaviorDC.png, id=295, 90.3375pt x 103.88812pt>
File: ../Figures/polyZeroBehaviorDC.png Graphic file (type png)
<use ../Figures/polyZeroBehaviorDC.png>
Package pdftex.def Info: ../Figures/polyZeroBehaviorDC.png  used on input line 
205.
(pdftex.def)             Requested size: 140.92793pt x 162.08224pt.

Overfull \hbox (6.79684pt too wide) in paragraph at lines 205--218
| [] 
 []

<../Figures/polyGraphToFunctionC.png, id=296, 502.2765pt x 367.8543pt>
File: ../Figures/polyGraphToFunctionC.png Graphic file (type png)
<use ../Figures/polyGraphToFunctionC.png>
Package pdftex.def Info: ../Figures/polyGraphToFunctionC.png  used on input lin
e 218.
(pdftex.def)             Requested size: 234.8775pt x 172.0159pt.
[15 <../Figures/polyZeroBehaviorBC.png> <../Figures/polyZeroBehaviorCC.png> <..
/Figures/polyZeroBehaviorDC.png> <../Figures/polyGraphToFunctionC.png>]
Overfull \hbox (6.79684pt too wide) in paragraph at lines 218--227
| [] 
 []


Overfull \hbox (6.79684pt too wide) in paragraph at lines 227--231
| [] 
 []

<../Figures/polyZeroBehaviorCopyAC.png, id=309, 90.3375pt x 103.88812pt>
File: ../Figures/polyZeroBehaviorCopyAC.png Graphic file (type png)
<use ../Figures/polyZeroBehaviorCopyAC.png>
Package pdftex.def Info: ../Figures/polyZeroBehaviorCopyAC.png  used on input l
ine 231.
(pdftex.def)             Requested size: 140.92793pt x 162.08224pt.
<../Figures/polyZeroBehaviorCopyBC.png, id=310, 133.24782pt x 161.10187pt>
File: ../Figures/polyZeroBehaviorCopyBC.png Graphic file (type png)
<use ../Figures/polyZeroBehaviorCopyBC.png>
Package pdftex.def Info: ../Figures/polyZeroBehaviorCopyBC.png  used on input l
ine 231.
(pdftex.def)             Requested size: 140.92793pt x 170.40334pt.
<../Figures/polyZeroBehaviorCopyCC.png, id=311, 90.3375pt x 103.88812pt>
File: ../Figures/polyZeroBehaviorCopyCC.png Graphic file (type png)
<use ../Figures/polyZeroBehaviorCopyCC.png>
Package pdftex.def Info: ../Figures/polyZeroBehaviorCopyCC.png  used on input l
ine 231.
(pdftex.def)             Requested size: 140.92793pt x 162.08224pt.
[16 <../Figures/polyZeroBehaviorCopyAC.png> <../Figures/polyZeroBehaviorCopyBC.
png>]
<../Figures/polyZeroBehaviorCopyDC.png, id=331, 90.3375pt x 103.88812pt>
File: ../Figures/polyZeroBehaviorCopyDC.png Graphic file (type png)
<use ../Figures/polyZeroBehaviorCopyDC.png>
Package pdftex.def Info: ../Figures/polyZeroBehaviorCopyDC.png  used on input l
ine 231.
(pdftex.def)             Requested size: 140.92793pt x 162.08224pt.

Overfull \hbox (6.79684pt too wide) in paragraph at lines 231--240
| [] 
 []


Overfull \hbox (6.79684pt too wide) in paragraph at lines 240--253
| [] 
 []

<../Figures/polyGraphToFunctionCopyC.png, id=332, 464.6961pt x 361.35pt>
File: ../Figures/polyGraphToFunctionCopyC.png Graphic file (type png)
<use ../Figures/polyGraphToFunctionCopyC.png>
Package pdftex.def Info: ../Figures/polyGraphToFunctionCopyC.png  used on input
 line 253.
(pdftex.def)             Requested size: 234.8775pt x 182.64296pt.

Underfull \vbox (badness 10000) has occurred while \output is active []

 [17 <../Figures/polyZeroBehaviorCopyCC.png> <../Figures/polyZeroBehaviorCopyDC
.png>]
Overfull \hbox (6.79684pt too wide) in paragraph at lines 253--254
| [] 
 []

Package atveryend Info: Empty hook `BeforeClearDocument' on input line 256.
[18 <../Figures/polyGraphToFunctionCopyC.png>]
Package atveryend Info: Empty hook `AfterLastShipout' on input line 256.
 (./Module6ALL.aux)
Package atveryend Info: Executing hook `AtVeryEndDocument' on input line 256.
Package atveryend Info: Executing hook `AtEndAfterFileList' on input line 256.


Package rerunfilecheck Warning: File `Module6ALL.out' has changed.
(rerunfilecheck)                Rerun to get outlines right
(rerunfilecheck)                or use package `bookmark'.

Package rerunfilecheck Info: Checksums for `Module6ALL.out':
(rerunfilecheck)             Before: <no file>
(rerunfilecheck)             After:  D41D8CD98F00B204E9800998ECF8427E;0.
Package atveryend Info: Empty hook `AtVeryVeryEnd' on input line 256.
 ) 
Here is how much of TeX's memory you used:
 9575 strings out of 483183
 147550 string characters out of 5966293
 416651 words of memory out of 5000000
 24164 multiletter control sequences out of 15000+600000
 535915 words of font info for 40 fonts, out of 8000000 for 9000
 14 hyphenation exceptions out of 8191
 34i,12n,45p,993b,662s stack positions out of 5000i,500n,10000p,200000b,80000s
</usr/share/texlive/texmf-dist/fonts/type1/public/amsfonts/cm/cmmi12.pfb></us
r/share/texlive/texmf-dist/fonts/type1/public/amsfonts/cm/cmr10.pfb></usr/share
/texlive/texmf-dist/fonts/type1/public/amsfonts/cm/cmr12.pfb></usr/share/texliv
e/texmf-dist/fonts/type1/public/amsfonts/cm/cmsy10.pfb></usr/share/texlive/texm
f-dist/fonts/type1/public/amsfonts/cm/cmti12.pfb>
Output written on Module6ALL.pdf (18 pages, 346929 bytes).
PDF statistics:
 417 PDF objects out of 1000 (max. 8388607)
 299 compressed objects within 3 object streams
 199 named destinations out of 1000 (max. 500000)
 271 words of extra memory for PDF output out of 10000 (max. 10000000)

