This is pdfTeX, Version 3.14159265-2.6-1.40.20 (TeX Live 2019/Debian) (preloaded format=pdflatex 2020.8.4)  24 MAR 2021 16:00
entering extended mode
 restricted \write18 enabled.
 %&-line parsing enabled.
**keyCRIF_F8ALL.tex
(./keyCRIF_F8ALL.tex
LaTeX2e <2020-02-02> patch level 2
L3 programming layer <2020-02-14>
(/usr/share/texlive/texmf-dist/tex/latex/extsizes/extbook.cls
Document Class: extbook 1999/01/07 v1.4a NON-Standard LaTeX document class
(/usr/share/texlive/texmf-dist/tex/latex/base/bk10.clo
File: bk10.clo 2019/12/20 v1.4l Standard LaTeX file (size option)
)
(/usr/share/texlive/texmf-dist/tex/latex/base/exscale.sty
Package: exscale 2018/09/24 v2.1i Standard LaTeX package exscale
LaTeX Font Info:    Redeclaring symbol font `largesymbols' on input line 57.
LaTeX Font Info:    Overwriting symbol font `largesymbols' in version `normal'
(Font)                  OMX/cmex/m/n --> OMX/cmex/m/n on input line 57.
LaTeX Font Info:    Overwriting symbol font `largesymbols' in version `bold'
(Font)                  OMX/cmex/m/n --> OMX/cmex/m/n on input line 57.
\big@size=\dimen134
)
\c@part=\count167
\c@chapter=\count168
\c@section=\count169
\c@subsection=\count170
\c@subsubsection=\count171
\c@paragraph=\count172
\c@subparagraph=\count173
\c@figure=\count174
\c@table=\count175
\abovecaptionskip=\skip47
\belowcaptionskip=\skip48
\bibindent=\dimen135
)
(/usr/share/texlive/texmf-dist/tex/latex/tools/multicol.sty
Package: multicol 2019/12/09 v1.8y multicolumn formatting (FMi)
\c@tracingmulticols=\count176
\mult@box=\box45
\multicol@leftmargin=\dimen136
\c@unbalance=\count177
\c@collectmore=\count178
\doublecol@number=\count179
\multicoltolerance=\count180
\multicolpretolerance=\count181
\full@width=\dimen137
\page@free=\dimen138
\premulticols=\dimen139
\postmulticols=\dimen140
\multicolsep=\skip49
\multicolbaselineskip=\skip50
\partial@page=\box46
\last@line=\box47
\maxbalancingoverflow=\dimen141
\mult@rightbox=\box48
\mult@grightbox=\box49
\mult@gfirstbox=\box50
\mult@firstbox=\box51
\@tempa=\box52
\@tempa=\box53
\@tempa=\box54
\@tempa=\box55
\@tempa=\box56
\@tempa=\box57
\@tempa=\box58
\@tempa=\box59
\@tempa=\box60
\@tempa=\box61
\@tempa=\box62
\@tempa=\box63
\@tempa=\box64
\@tempa=\box65
\@tempa=\box66
\@tempa=\box67
\@tempa=\box68
\@tempa=\box69
\@tempa=\box70
\@tempa=\box71
\@tempa=\box72
\@tempa=\box73
\@tempa=\box74
\@tempa=\box75
\@tempa=\box76
\@tempa=\box77
\@tempa=\box78
\@tempa=\box79
\@tempa=\box80
\@tempa=\box81
\@tempa=\box82
\@tempa=\box83
\@tempa=\box84
\@tempa=\box85
\@tempa=\box86
\@tempa=\box87
\@tempa=\box88
\c@minrows=\count182
\c@columnbadness=\count183
\c@finalcolumnbadness=\count184
\last@try=\dimen142
\multicolovershoot=\dimen143
\multicolundershoot=\dimen144
\mult@nat@firstbox=\box89
\colbreak@box=\box90
\mc@col@check@num=\count185
)
(/usr/share/texlive/texmf-dist/tex/latex/tools/enumerate.sty
Package: enumerate 2015/07/23 v3.00 enumerate extensions (DPC)
\@enLab=\toks14
)
(/usr/share/texlive/texmf-dist/tex/latex/enumitem/enumitem.sty
Package: enumitem 2019/06/20 v3.9 Customized lists
\enitkv@toks@=\toks15
\labelindent=\skip51
\enit@outerparindent=\dimen145
\enit@toks=\toks16
\enit@inbox=\box91
\enit@count@id=\count186
\enitdp@description=\count187
)
(/usr/share/texlive/texmf-dist/tex/latex/hyperref/hyperref.sty
Package: hyperref 2020/01/14 v7.00d Hypertext links for LaTeX

(/usr/share/texlive/texmf-dist/tex/generic/ltxcmds/ltxcmds.sty
Package: ltxcmds 2019/12/15 v1.24 LaTeX kernel commands for general use (HO)
)
(/usr/share/texlive/texmf-dist/tex/generic/iftex/iftex.sty
Package: iftex 2019/11/07 v1.0c TeX engine tests
)
(/usr/share/texlive/texmf-dist/tex/latex/pdftexcmds/pdftexcmds.sty
Package: pdftexcmds 2019/11/24 v0.31 Utility functions of pdfTeX for LuaTeX (HO
)

(/usr/share/texlive/texmf-dist/tex/generic/infwarerr/infwarerr.sty
Package: infwarerr 2019/12/03 v1.5 Providing info/warning/error messages (HO)
)
Package pdftexcmds Info: \pdf@primitive is available.
Package pdftexcmds Info: \pdf@ifprimitive is available.
Package pdftexcmds Info: \pdfdraftmode found.
)
(/usr/share/texlive/texmf-dist/tex/latex/graphics/keyval.sty
Package: keyval 2014/10/28 v1.15 key=value parser (DPC)
\KV@toks@=\toks17
)
(/usr/share/texlive/texmf-dist/tex/generic/kvsetkeys/kvsetkeys.sty
Package: kvsetkeys 2019/12/15 v1.18 Key value parser (HO)
)
(/usr/share/texlive/texmf-dist/tex/generic/kvdefinekeys/kvdefinekeys.sty
Package: kvdefinekeys 2019-12-19 v1.6 Define keys (HO)
)
(/usr/share/texlive/texmf-dist/tex/generic/pdfescape/pdfescape.sty
Package: pdfescape 2019/12/09 v1.15 Implements pdfTeX's escape features (HO)
)
(/usr/share/texlive/texmf-dist/tex/latex/hycolor/hycolor.sty
Package: hycolor 2020-01-27 v1.10 Color options for hyperref/bookmark (HO)
)
(/usr/share/texlive/texmf-dist/tex/latex/letltxmacro/letltxmacro.sty
Package: letltxmacro 2019/12/03 v1.6 Let assignment for LaTeX macros (HO)
)
(/usr/share/texlive/texmf-dist/tex/latex/auxhook/auxhook.sty
Package: auxhook 2019-12-17 v1.6 Hooks for auxiliary files (HO)
)
(/usr/share/texlive/texmf-dist/tex/latex/kvoptions/kvoptions.sty
Package: kvoptions 2019/11/29 v3.13 Key value format for package options (HO)
)
\@linkdim=\dimen146
\Hy@linkcounter=\count188
\Hy@pagecounter=\count189

(/usr/share/texlive/texmf-dist/tex/latex/hyperref/pd1enc.def
File: pd1enc.def 2020/01/14 v7.00d Hyperref: PDFDocEncoding definition (HO)
Now handling font encoding PD1 ...
... no UTF-8 mapping file for font encoding PD1
)
(/usr/share/texlive/texmf-dist/tex/generic/intcalc/intcalc.sty
Package: intcalc 2019/12/15 v1.3 Expandable calculations with integers (HO)
)
(/usr/share/texlive/texmf-dist/tex/generic/etexcmds/etexcmds.sty
Package: etexcmds 2019/12/15 v1.7 Avoid name clashes with e-TeX commands (HO)
)
\Hy@SavedSpaceFactor=\count190
\pdfmajorversion=\count191
Package hyperref Info: Hyper figures OFF on input line 4547.
Package hyperref Info: Link nesting OFF on input line 4552.
Package hyperref Info: Hyper index ON on input line 4555.
Package hyperref Info: Plain pages OFF on input line 4562.
Package hyperref Info: Backreferencing OFF on input line 4567.
Package hyperref Info: Implicit mode ON; LaTeX internals redefined.
Package hyperref Info: Bookmarks ON on input line 4800.
\c@Hy@tempcnt=\count192

(/usr/share/texlive/texmf-dist/tex/latex/url/url.sty
\Urlmuskip=\muskip16
Package: url 2013/09/16  ver 3.4  Verb mode for urls, etc.
)
LaTeX Info: Redefining \url on input line 5159.
\XeTeXLinkMargin=\dimen147

(/usr/share/texlive/texmf-dist/tex/generic/bitset/bitset.sty
Package: bitset 2019/12/09 v1.3 Handle bit-vector datatype (HO)

(/usr/share/texlive/texmf-dist/tex/generic/bigintcalc/bigintcalc.sty
Package: bigintcalc 2019/12/15 v1.5 Expandable calculations on big integers (HO
)
))
\Fld@menulength=\count193
\Field@Width=\dimen148
\Fld@charsize=\dimen149
Package hyperref Info: Hyper figures OFF on input line 6430.
Package hyperref Info: Link nesting OFF on input line 6435.
Package hyperref Info: Hyper index ON on input line 6438.
Package hyperref Info: backreferencing OFF on input line 6445.
Package hyperref Info: Link coloring OFF on input line 6450.
Package hyperref Info: Link coloring with OCG OFF on input line 6455.
Package hyperref Info: PDF/A mode OFF on input line 6460.
LaTeX Info: Redefining \ref on input line 6500.
LaTeX Info: Redefining \pageref on input line 6504.

(/usr/share/texlive/texmf-dist/tex/generic/atbegshi/atbegshi.sty
Package: atbegshi 2019/12/05 v1.19 At begin shipout hook (HO)
)
\Hy@abspage=\count194
\c@Item=\count195
\c@Hfootnote=\count196
)
Package hyperref Info: Driver (autodetected): hpdftex.

(/usr/share/texlive/texmf-dist/tex/latex/hyperref/hpdftex.def
File: hpdftex.def 2020/01/14 v7.00d Hyperref driver for pdfTeX

(/usr/share/texlive/texmf-dist/tex/latex/atveryend/atveryend.sty
Package: atveryend 2019-12-11 v1.11 Hooks at the very end of document (HO)
Package atveryend Info: \enddocument detected (standard20110627).
)
\Fld@listcount=\count197
\c@bookmark@seq@number=\count198

(/usr/share/texlive/texmf-dist/tex/latex/rerunfilecheck/rerunfilecheck.sty
Package: rerunfilecheck 2019/12/05 v1.9 Rerun checks for auxiliary files (HO)

(/usr/share/texlive/texmf-dist/tex/generic/uniquecounter/uniquecounter.sty
Package: uniquecounter 2019/12/15 v1.4 Provide unlimited unique counter (HO)
)
Package uniquecounter Info: New unique counter `rerunfilecheck' on input line 2
86.
)
\Hy@SectionHShift=\skip52
)
(/usr/share/texlive/texmf-dist/tex/latex/graphics/color.sty
Package: color 2019/11/23 v1.2a Standard LaTeX Color (DPC)

(/usr/share/texlive/texmf-dist/tex/latex/graphics-cfg/color.cfg
File: color.cfg 2016/01/02 v1.6 sample color configuration
)
Package color Info: Driver file: pdftex.def on input line 147.

(/usr/share/texlive/texmf-dist/tex/latex/graphics-def/pdftex.def
File: pdftex.def 2018/01/08 v1.0l Graphics/color driver for pdftex
))
(/usr/share/texlive/texmf-dist/tex/latex/soul/soul.sty
Package: soul 2003/11/17 v2.4 letterspacing/underlining (mf)
\SOUL@word=\toks18
\SOUL@lasttoken=\toks19
\SOUL@cmds=\toks20
\SOUL@buffer=\toks21
\SOUL@token=\toks22
\SOUL@spaceskip=\skip53
\SOUL@ttwidth=\dimen150
\SOUL@uldp=\dimen151
\SOUL@ulht=\dimen152
)
(/usr/share/texlive/texmf-dist/tex/latex/setspace/setspace.sty
Package: setspace 2011/12/19 v6.7a set line spacing
)
(/usr/share/texlive/texmf-dist/tex/latex/parskip/parskip.sty
Package: parskip 2020-01-22 v2.0d non-zero parskip adjustments

(/usr/share/texlive/texmf-dist/tex/latex/etoolbox/etoolbox.sty
Package: etoolbox 2019/09/21 v2.5h e-TeX tools for LaTeX (JAW)
\etb@tempcnta=\count199
))
(/usr/share/texlive/texmf-dist/tex/latex/fancyhdr/fancyhdr.sty
Package: fancyhdr 2019/01/31 v3.10 Extensive control of page headers and footer
s
\f@nch@headwidth=\skip54
\f@nch@O@elh=\skip55
\f@nch@O@erh=\skip56
\f@nch@O@olh=\skip57
\f@nch@O@orh=\skip58
\f@nch@O@elf=\skip59
\f@nch@O@erf=\skip60
\f@nch@O@olf=\skip61
\f@nch@O@orf=\skip62
)
(/usr/share/texlive/texmf-dist/tex/latex/amsfonts/amssymb.sty
Package: amssymb 2013/01/14 v3.01 AMS font symbols

(/usr/share/texlive/texmf-dist/tex/latex/amsfonts/amsfonts.sty
Package: amsfonts 2013/01/14 v3.01 Basic AMSFonts support
\@emptytoks=\toks23
\symAMSa=\mathgroup4
\symAMSb=\mathgroup5
LaTeX Font Info:    Redeclaring math symbol \hbar on input line 98.
LaTeX Font Info:    Overwriting math alphabet `\mathfrak' in version `bold'
(Font)                  U/euf/m/n --> U/euf/b/n on input line 106.
))
(/usr/share/texlive/texmf-dist/tex/latex/amscls/amsthm.sty
Package: amsthm 2017/10/31 v2.20.4
\thm@style=\toks24
\thm@bodyfont=\toks25
\thm@headfont=\toks26
\thm@notefont=\toks27
\thm@headpunct=\toks28
\thm@preskip=\skip63
\thm@postskip=\skip64
\thm@headsep=\skip65
\dth@everypar=\toks29
)
(/usr/share/texlive/texmf-dist/tex/latex/amsmath/amsmath.sty
Package: amsmath 2020/01/20 v2.17e AMS math features
\@mathmargin=\skip66

For additional information on amsmath, use the `?' option.
(/usr/share/texlive/texmf-dist/tex/latex/amsmath/amstext.sty
Package: amstext 2000/06/29 v2.01 AMS text

(/usr/share/texlive/texmf-dist/tex/latex/amsmath/amsgen.sty
File: amsgen.sty 1999/11/30 v2.0 generic functions
\@emptytoks=\toks30
\ex@=\dimen153
))
(/usr/share/texlive/texmf-dist/tex/latex/amsmath/amsbsy.sty
Package: amsbsy 1999/11/29 v1.2d Bold Symbols
\pmbraise@=\dimen154
)
(/usr/share/texlive/texmf-dist/tex/latex/amsmath/amsopn.sty
Package: amsopn 2016/03/08 v2.02 operator names
)
\inf@bad=\count266
LaTeX Info: Redefining \frac on input line 227.
\uproot@=\count267
\leftroot@=\count268
LaTeX Info: Redefining \overline on input line 389.
\classnum@=\count269
\DOTSCASE@=\count270
LaTeX Info: Redefining \ldots on input line 486.
LaTeX Info: Redefining \dots on input line 489.
LaTeX Info: Redefining \cdots on input line 610.
\Mathstrutbox@=\box92
\strutbox@=\box93
\big@size=\dimen155
LaTeX Font Info:    Redeclaring font encoding OML on input line 733.
LaTeX Font Info:    Redeclaring font encoding OMS on input line 734.
\macc@depth=\count271
\c@MaxMatrixCols=\count272
\dotsspace@=\muskip17
\c@parentequation=\count273
\dspbrk@lvl=\count274
\tag@help=\toks31
\row@=\count275
\column@=\count276
\maxfields@=\count277
\andhelp@=\toks32
\eqnshift@=\dimen156
\alignsep@=\dimen157
\tagshift@=\dimen158
\tagwidth@=\dimen159
\totwidth@=\dimen160
\lineht@=\dimen161
\@envbody=\toks33
\multlinegap=\skip67
\multlinetaggap=\skip68
\mathdisplay@stack=\toks34
LaTeX Info: Redefining \[ on input line 2859.
LaTeX Info: Redefining \] on input line 2860.
)
(/usr/share/texlive/texmf-dist/tex/latex/base/latexsym.sty
Package: latexsym 1998/08/17 v2.2e Standard LaTeX package (lasy symbols)
\symlasy=\mathgroup6
LaTeX Font Info:    Overwriting symbol font `lasy' in version `bold'
(Font)                  U/lasy/m/n --> U/lasy/b/n on input line 52.
)
(/usr/share/texlive/texmf-dist/tex/latex/units/units.sty
Package: units 1998/08/04 v0.9b Typesetting units

(/usr/share/texlive/texmf-dist/tex/latex/base/ifthen.sty
Package: ifthen 2014/09/29 v1.1c Standard LaTeX ifthen package (DPC)
)
(/usr/share/texlive/texmf-dist/tex/latex/units/nicefrac.sty
Package: nicefrac 1998/08/04 v0.9b Nice fractions
\L@UnitsRaiseDisplaystyle=\skip69
\L@UnitsRaiseTextstyle=\skip70
\L@UnitsRaiseScriptstyle=\skip71
))
(/usr/share/texlive/texmf-dist/tex/latex/mathtools/mathtools.sty
Package: mathtools 2020/01/17 v1.23 mathematical typesetting tools

(/usr/share/texlive/texmf-dist/tex/latex/tools/calc.sty
Package: calc 2017/05/25 v4.3 Infix arithmetic (KKT,FJ)
\calc@Acount=\count278
\calc@Bcount=\count279
\calc@Adimen=\dimen162
\calc@Bdimen=\dimen163
\calc@Askip=\skip72
\calc@Bskip=\skip73
LaTeX Info: Redefining \setlength on input line 80.
LaTeX Info: Redefining \addtolength on input line 81.
\calc@Ccount=\count280
\calc@Cskip=\skip74
)
(/usr/share/texlive/texmf-dist/tex/latex/mathtools/mhsetup.sty
Package: mhsetup 2017/03/31 v1.3 programming setup (MH)
)
LaTeX Info: Thecontrolsequence`\('isalreadyrobust on input line 129.
LaTeX Info: Thecontrolsequence`\)'isalreadyrobust on input line 129.
LaTeX Info: Thecontrolsequence`\['isalreadyrobust on input line 129.
LaTeX Info: Thecontrolsequence`\]'isalreadyrobust on input line 129.
\g_MT_multlinerow_int=\count281
\l_MT_multwidth_dim=\dimen164
\origjot=\skip75
\l_MT_shortvdotswithinadjustabove_dim=\dimen165
\l_MT_shortvdotswithinadjustbelow_dim=\dimen166
\l_MT_above_intertext_sep=\dimen167
\l_MT_below_intertext_sep=\dimen168
\l_MT_above_shortintertext_sep=\dimen169
\l_MT_below_shortintertext_sep=\dimen170
)
(/usr/share/texlive/texmf-dist/tex/latex/geometry/geometry.sty
Package: geometry 2020/01/02 v5.9 Page Geometry

(/usr/share/texlive/texmf-dist/tex/generic/iftex/ifvtex.sty
Package: ifvtex 2019/10/25 v1.7 ifvtex legacy package. Use iftex instead.
)
\Gm@cnth=\count282
\Gm@cntv=\count283
\c@Gm@tempcnt=\count284
\Gm@bindingoffset=\dimen171
\Gm@wd@mp=\dimen172
\Gm@odd@mp=\dimen173
\Gm@even@mp=\dimen174
\Gm@layoutwidth=\dimen175
\Gm@layoutheight=\dimen176
\Gm@layouthoffset=\dimen177
\Gm@layoutvoffset=\dimen178
\Gm@dimlist=\toks35
)
(/usr/share/texlive/texmf-dist/tex/latex/dashrule/dashrule.sty
Package: dashrule 2013/03/28 v1.3 Dashed rules

(/usr/share/texlive/texmf-dist/tex/latex/ifmtarg/ifmtarg.sty
Package: ifmtarg 2018/04/16 v1.2b check for an empty argument
)
\c@hdr@segments=\count285
)
(/usr/share/texlive/texmf-dist/tex/latex/l3backend/l3backend-pdfmode.def
File: l3backend-pdfmode.def 2020-02-03 L3 backend support: PDF mode
\l__kernel_color_stack_int=\count286
\l__pdf_internal_box=\box94
)
No file keyCRIF_F8ALL.aux.
\openout1 = `keyCRIF_F8ALL.aux'.

LaTeX Font Info:    Checking defaults for OML/cmm/m/it on input line 16.
LaTeX Font Info:    ... okay on input line 16.
LaTeX Font Info:    Checking defaults for OMS/cmsy/m/n on input line 16.
LaTeX Font Info:    ... okay on input line 16.
LaTeX Font Info:    Checking defaults for OT1/cmr/m/n on input line 16.
LaTeX Font Info:    ... okay on input line 16.
LaTeX Font Info:    Checking defaults for T1/cmr/m/n on input line 16.
LaTeX Font Info:    ... okay on input line 16.
LaTeX Font Info:    Checking defaults for TS1/cmr/m/n on input line 16.
LaTeX Font Info:    ... okay on input line 16.
LaTeX Font Info:    Checking defaults for OMX/cmex/m/n on input line 16.
LaTeX Font Info:    ... okay on input line 16.
LaTeX Font Info:    Checking defaults for U/cmr/m/n on input line 16.
LaTeX Font Info:    ... okay on input line 16.
LaTeX Font Info:    Checking defaults for PD1/pdf/m/n on input line 16.
LaTeX Font Info:    ... okay on input line 16.
\AtBeginShipoutBox=\box95
Package hyperref Info: Link coloring OFF on input line 16.
(/usr/share/texlive/texmf-dist/tex/latex/hyperref/nameref.sty
Package: nameref 2019/09/16 v2.46 Cross-referencing by name of section

(/usr/share/texlive/texmf-dist/tex/latex/refcount/refcount.sty
Package: refcount 2019/12/15 v3.6 Data extraction from label references (HO)
)
(/usr/share/texlive/texmf-dist/tex/generic/gettitlestring/gettitlestring.sty
Package: gettitlestring 2019/12/15 v1.6 Cleanup title references (HO)
)
\c@section@level=\count287
)
LaTeX Info: Redefining \ref on input line 16.
LaTeX Info: Redefining \pageref on input line 16.
LaTeX Info: Redefining \nameref on input line 16.
\@outlinefile=\write3
\openout3 = `keyCRIF_F8ALL.out'.


(/usr/share/texlive/texmf-dist/tex/context/base/mkii/supp-pdf.mkii
[Loading MPS to PDF converter (version 2006.09.02).]
\scratchcounter=\count288
\scratchdimen=\dimen179
\scratchbox=\box96
\nofMPsegments=\count289
\nofMParguments=\count290
\everyMPshowfont=\toks36
\MPscratchCnt=\count291
\MPscratchDim=\dimen180
\MPnumerator=\count292
\makeMPintoPDFobject=\count293
\everyMPtoPDFconversion=\toks37
) (/usr/share/texlive/texmf-dist/tex/latex/graphics/graphicx.sty
Package: graphicx 2019/11/30 v1.2a Enhanced LaTeX Graphics (DPC,SPQR)

(/usr/share/texlive/texmf-dist/tex/latex/graphics/graphics.sty
Package: graphics 2019/11/30 v1.4a Standard LaTeX Graphics (DPC,SPQR)

(/usr/share/texlive/texmf-dist/tex/latex/graphics/trig.sty
Package: trig 2016/01/03 v1.10 sin cos tan (DPC)
)
(/usr/share/texlive/texmf-dist/tex/latex/graphics-cfg/graphics.cfg
File: graphics.cfg 2016/06/04 v1.11 sample graphics configuration
)
Package graphics Info: Driver file: pdftex.def on input line 105.
)
\Gin@req@height=\dimen181
\Gin@req@width=\dimen182
)
*geometry* driver: auto-detecting
*geometry* detected driver: pdftex
*geometry* verbose mode - [ preamble ] result:
* driver: pdftex
* paper: <default>
* layout: <same size as paper>
* layoutoffset:(h,v)=(0.0pt,0.0pt)
* modes: twoside 
* h-part:(L,W,R)=(72.26999pt, 469.75502pt, 72.26999pt)
* v-part:(T,H,B)=(72.26999pt, 650.43001pt, 72.26999pt)
* \paperwidth=614.295pt
* \paperheight=794.96999pt
* \textwidth=469.75502pt
* \textheight=650.43001pt
* \oddsidemargin=0.0pt
* \evensidemargin=0.0pt
* \topmargin=-14.22636pt
* \headheight=0.0pt
* \headsep=14.22636pt
* \topskip=10.0pt
* \footskip=25.29494pt
* \marginparwidth=125.0pt
* \marginparsep=7.0pt
* \columnsep=10.0pt
* \skip\footins=9.0pt plus 4.0pt minus 2.0pt
* \hoffset=0.0pt
* \voffset=0.0pt
* \mag=1000
* \@twocolumnfalse
* \@twosidetrue
* \@mparswitchtrue
* \@reversemarginfalse
* (1in=72.27pt=25.4mm, 1cm=28.453pt)

<../Figures/MA_8_F_1_2_graphA.png, id=6, 446.6286pt x 343.2825pt>
File: ../Figures/MA_8_F_1_2_graphA.png Graphic file (type png)
<use ../Figures/MA_8_F_1_2_graphA.png>
Package pdftex.def Info: ../Figures/MA_8_F_1_2_graphA.png  used on input line 4
6.
(pdftex.def)             Requested size: 234.8775pt x 180.5298pt.
LaTeX Font Info:    Trying to load font information for U+msa on input line 46.

(/usr/share/texlive/texmf-dist/tex/latex/amsfonts/umsa.fd
File: umsa.fd 2013/01/14 v3.01 AMS symbols A
)
LaTeX Font Info:    Trying to load font information for U+msb on input line 46.


(/usr/share/texlive/texmf-dist/tex/latex/amsfonts/umsb.fd
File: umsb.fd 2013/01/14 v3.01 AMS symbols B
)
LaTeX Font Info:    Trying to load font information for U+lasy on input line 46
.

(/usr/share/texlive/texmf-dist/tex/latex/base/ulasy.fd
File: ulasy.fd 1998/08/17 v2.2e LaTeX symbol font definitions
)
Overfull \hbox (25.00003pt too wide) in paragraph at lines 46--72
[][] 
 []


Package Fancyhdr Warning: \headheight is too small (0.0pt): 
Make it at least 12.0pt.
We now make it that large for the rest of the document.
This may cause the page layout to be inconsistent, however.

[1{/var/lib/texmf/fonts/map/pdftex/updmap/pdftex.map}

 <../Figures/MA_8_F_1_2_graphA.png>]
Overfull \hbox (25.00003pt too wide) in paragraph at lines 72--88
[][] 
 []


Overfull \hbox (25.00003pt too wide) in paragraph at lines 88--114
[][] 
 []


Overfull \hbox (25.00003pt too wide) in paragraph at lines 114--136
[][] 
 []

<../Figures/MA_8_F_1_2_graphB.png, id=25, 461.8053pt x 343.2825pt>
File: ../Figures/MA_8_F_1_2_graphB.png Graphic file (type png)
<use ../Figures/MA_8_F_1_2_graphB.png>
Package pdftex.def Info: ../Figures/MA_8_F_1_2_graphB.png  used on input line 1
36.
(pdftex.def)             Requested size: 234.8775pt x 174.59508pt.
[2]
Overfull \hbox (25.00003pt too wide) in paragraph at lines 136--152
[][] 
 []


Overfull \hbox (25.00003pt too wide) in paragraph at lines 152--168
[][] 
 []

! Missing $ inserted.
<inserted text> 
                $
l.168 }
       
I've inserted a begin-math/end-math symbol since I think
you left one out. Proceed, with fingers crossed.


! LaTeX Error: Command \item invalid in math mode.

See the LaTeX manual or LaTeX Companion for explanation.
Type  H <return>  for immediate help.
 ...                                              
                                                  
l.168 }
       
Try typing  <return>  to proceed.
If that doesn't work, type  X <return>  to quit.


! LaTeX Error: Something's wrong--perhaps a missing \item.

See the LaTeX manual or LaTeX Companion for explanation.
Type  H <return>  for immediate help.
 ...                                              
                                                  
l.168 }
       
Try typing  <return>  to proceed.
If that doesn't work, type  X <return>  to quit.


! LaTeX Error: Something's wrong--perhaps a missing \item.

See the LaTeX manual or LaTeX Companion for explanation.
Type  H <return>  for immediate help.
 ...                                              
                                                  
l.168 }
       
Try typing  <return>  to proceed.
If that doesn't work, type  X <return>  to quit.

! Missing $ inserted.
<inserted text> 
                $
l.168 }
       
I've inserted a begin-math/end-math symbol since I think
you left one out. Proceed, with fingers crossed.

! Missing } inserted.
<inserted text> 
                }
l.168 }
       
I've inserted something that you may have forgotten.
(See the <inserted text> above.)
With luck, this will get me unwedged. But if you
really didn't forget anything, try typing `2' now; then
my insertion and my current dilemma will both disappear.


Overfull \hbox (41.57344pt too wide) in paragraph at lines 168--168
[]\OT1/cmr/m/n/10 A lin-ear equa-tion is a degree-1 poly-no-mial. 4$[] + 7\OML/
cmm/m/it/10 isasquarerootfunction[][]No; theequationisnotlinear:[]$ 
 []

! Extra }, or forgotten \endgroup.
\par ...m \@noitemerr {\@@par }\fi \else {\@@par }
                                                  \fi 
l.168 }
       
I've deleted a group-closing symbol because it seems to be
spurious, as in `$x}$'. But perhaps the } is legitimate and
you forgot something else, as in `\hbox{$x}'. In such cases
the way to recover is to insert both the forgotten and the
deleted material, e.g., by typing `I$}'.

! Missing $ inserted.
<inserted text> 
                $
l.168 }
       
I've inserted a begin-math/end-math symbol since I think
you left one out. Proceed, with fingers crossed.


! LaTeX Error: Command \end{enumerate} invalid in math mode.

See the LaTeX manual or LaTeX Companion for explanation.
Type  H <return>  for immediate help.
 ...                                              
                                                  
l.168 }
       
Try typing  <return>  to proceed.
If that doesn't work, type  X <return>  to quit.


! LaTeX Error: Something's wrong--perhaps a missing \item.

See the LaTeX manual or LaTeX Companion for explanation.
Type  H <return>  for immediate help.
 ...                                              
                                                  
l.168 }
       
Try typing  <return>  to proceed.
If that doesn't work, type  X <return>  to quit.


! LaTeX Error: Something's wrong--perhaps a missing \item.

See the LaTeX manual or LaTeX Companion for explanation.
Type  H <return>  for immediate help.
 ...                                              
                                                  
l.168 }
       
Try typing  <return>  to proceed.
If that doesn't work, type  X <return>  to quit.

! Missing $ inserted.
<inserted text> 
                $
l.168 }
       
I've inserted something that you may have forgotten.
(See the <inserted text> above.)
With luck, this will get me unwedged. But if you
really didn't forget anything, try typing `2' now; then
my insertion and my current dilemma will both disappear.

! Missing $ inserted.
<inserted text> 
                $
l.168 }
       
I've inserted a begin-math/end-math symbol since I think
you left one out. Proceed, with fingers crossed.

! Missing $ inserted.
<inserted text> 
                $
l.168 }
       
I've inserted a begin-math/end-math symbol since I think
you left one out. Proceed, with fingers crossed.


Overfull \hbox (346.62569pt too wide) in paragraph at lines 168--168
[]\OT1/cmr/bx/n/10 General Com-ment: \OT1/cmr/m/n/10 The equa-tion graphed was 
4$[] + 7\OML/cmm/m/it/10 :Alinearfunctionisadegree \OMS/cmsy/m/n/10 ^^@ \OT1/cm
r/m/n/10 1\OML/cmm/m/it/10 polynomial:Polynomialequationshaveallvariableswithpo
sitiveintegerexponents; like$\OT1/cmr/m/n/10 f(x)
 []

[3 <../Figures/MA_8_F_1_2_graphB.png>]
Overfull \hbox (25.00003pt too wide) in paragraph at lines 168--194
[][] 
 []


Overfull \hbox (25.00003pt too wide) in paragraph at lines 194--216
[][] 
 []

<../Figures/MA_8_F_1_2_graphC.png, id=52, 461.8053pt x 343.2825pt>
File: ../Figures/MA_8_F_1_2_graphC.png Graphic file (type png)
<use ../Figures/MA_8_F_1_2_graphC.png>
Package pdftex.def Info: ../Figures/MA_8_F_1_2_graphC.png  used on input line 2
16.
(pdftex.def)             Requested size: 234.8775pt x 174.59508pt.
[4 <../Figures/MA_8_F_1_2_graphC.png>]
Overfull \hbox (25.00003pt too wide) in paragraph at lines 216--242
[][] 
 []


Overfull \hbox (25.00003pt too wide) in paragraph at lines 242--258
[][] 
 []

! Missing $ inserted.
<inserted text> 
                $
l.258 }
       
I've inserted a begin-math/end-math symbol since I think
you left one out. Proceed, with fingers crossed.


! LaTeX Error: Command \item invalid in math mode.

See the LaTeX manual or LaTeX Companion for explanation.
Type  H <return>  for immediate help.
 ...                                              
                                                  
l.258 }
       
Try typing  <return>  to proceed.
If that doesn't work, type  X <return>  to quit.


! LaTeX Error: Something's wrong--perhaps a missing \item.

See the LaTeX manual or LaTeX Companion for explanation.
Type  H <return>  for immediate help.
 ...                                              
                                                  
l.258 }
       
Try typing  <return>  to proceed.
If that doesn't work, type  X <return>  to quit.


! LaTeX Error: Something's wrong--perhaps a missing \item.

See the LaTeX manual or LaTeX Companion for explanation.
Type  H <return>  for immediate help.
 ...                                              
                                                  
l.258 }
       
Try typing  <return>  to proceed.
If that doesn't work, type  X <return>  to quit.

! Missing $ inserted.
<inserted text> 
                $
l.258 }
       
I've inserted a begin-math/end-math symbol since I think
you left one out. Proceed, with fingers crossed.

! Missing } inserted.
<inserted text> 
                }
l.258 }
       
I've inserted something that you may have forgotten.
(See the <inserted text> above.)
With luck, this will get me unwedged. But if you
really didn't forget anything, try typing `2' now; then
my insertion and my current dilemma will both disappear.


Overfull \hbox (71.53381pt too wide) in paragraph at lines 258--258
[]\OT1/cmr/m/n/10 A lin-ear equa-tion is a degree-1 poly-no-mial. 4 (2)$[] \OMS
/cmsy/m/n/10 ^^@ \OT1/cmr/m/n/10 3\OML/cmm/m/it/10 isabase \OMS/cmsy/m/n/10 ^^@
 \OT1/cmr/m/n/10 2\OML/cmm/m/it/10 exponentialfunction[][]No; theequationisnotl
inear:[]$ 
 []

! Extra }, or forgotten \endgroup.
\par ...m \@noitemerr {\@@par }\fi \else {\@@par }
                                                  \fi 
l.258 }
       
I've deleted a group-closing symbol because it seems to be
spurious, as in `$x}$'. But perhaps the } is legitimate and
you forgot something else, as in `\hbox{$x}'. In such cases
the way to recover is to insert both the forgotten and the
deleted material, e.g., by typing `I$}'.

! Missing $ inserted.
<inserted text> 
                $
l.258 }
       
I've inserted a begin-math/end-math symbol since I think
you left one out. Proceed, with fingers crossed.


! LaTeX Error: Command \end{enumerate} invalid in math mode.

See the LaTeX manual or LaTeX Companion for explanation.
Type  H <return>  for immediate help.
 ...                                              
                                                  
l.258 }
       
Try typing  <return>  to proceed.
If that doesn't work, type  X <return>  to quit.


! LaTeX Error: Something's wrong--perhaps a missing \item.

See the LaTeX manual or LaTeX Companion for explanation.
Type  H <return>  for immediate help.
 ...                                              
                                                  
l.258 }
       
Try typing  <return>  to proceed.
If that doesn't work, type  X <return>  to quit.


! LaTeX Error: Something's wrong--perhaps a missing \item.

See the LaTeX manual or LaTeX Companion for explanation.
Type  H <return>  for immediate help.
 ...                                              
                                                  
l.258 }
       
Try typing  <return>  to proceed.
If that doesn't work, type  X <return>  to quit.

! Missing $ inserted.
<inserted text> 
                $
l.258 }
       
I've inserted something that you may have forgotten.
(See the <inserted text> above.)
With luck, this will get me unwedged. But if you
really didn't forget anything, try typing `2' now; then
my insertion and my current dilemma will both disappear.

! Missing $ inserted.
<inserted text> 
                $
l.258 }
       
I've inserted a begin-math/end-math symbol since I think
you left one out. Proceed, with fingers crossed.

! Missing $ inserted.
<inserted text> 
                $
l.258 }
       
I've inserted a begin-math/end-math symbol since I think
you left one out. Proceed, with fingers crossed.


Overfull \hbox (340.5147pt too wide) in paragraph at lines 258--258
[]\OT1/cmr/bx/n/10 General Com-ment: \OT1/cmr/m/n/10 The equa-tion graphed was 
4 (2)$[] \OMS/cmsy/m/n/10 ^^@ \OT1/cmr/m/n/10 3\OML/cmm/m/it/10 :Alinearfunctio
nisadegree \OMS/cmsy/m/n/10 ^^@ \OT1/cmr/m/n/10 1\OML/cmm/m/it/10 polynomial:Po
lynomialequationshaveallvariableswithpositiveintegerexponents; like$\OT1/cmr/m/
n/10 f(x)
 []


Overfull \hbox (25.00003pt too wide) in paragraph at lines 258--284
[][] 
 []

[5]
Overfull \hbox (25.00003pt too wide) in paragraph at lines 284--306
[][] 
 []

<../Figures/MA_8_F_1_2_graphD.png, id=77, 461.8053pt x 343.2825pt>
File: ../Figures/MA_8_F_1_2_graphD.png Graphic file (type png)
<use ../Figures/MA_8_F_1_2_graphD.png>
Package pdftex.def Info: ../Figures/MA_8_F_1_2_graphD.png  used on input line 3
06.
(pdftex.def)             Requested size: 234.8775pt x 174.59508pt.

Overfull \hbox (25.00003pt too wide) in paragraph at lines 306--322
[][] 
 []


Overfull \hbox (25.00003pt too wide) in paragraph at lines 322--338
[][] 
 []

[6 <../Figures/MA_8_F_1_2_graphD.png>]
Overfull \hbox (25.00003pt too wide) in paragraph at lines 338--364
[][] 
 []


Overfull \hbox (25.00003pt too wide) in paragraph at lines 364--386
[][] 
 []

<../Figures/MA_8_F_1_2_graphE.png, id=90, 428.5611pt x 343.2825pt>
File: ../Figures/MA_8_F_1_2_graphE.png Graphic file (type png)
<use ../Figures/MA_8_F_1_2_graphE.png>
Package pdftex.def Info: ../Figures/MA_8_F_1_2_graphE.png  used on input line 3
86.
(pdftex.def)             Requested size: 234.8775pt x 188.14072pt.

Underfull \vbox (badness 3209) has occurred while \output is active []

 [7]
Overfull \hbox (25.00003pt too wide) in paragraph at lines 386--412
[][] 
 []


Overfull \hbox (25.00003pt too wide) in paragraph at lines 412--428
[][] 
 []

[8 <../Figures/MA_8_F_1_2_graphE.png>]
! Missing $ inserted.
<inserted text> 
                $
l.428 }
       
I've inserted a begin-math/end-math symbol since I think
you left one out. Proceed, with fingers crossed.


! LaTeX Error: Command \item invalid in math mode.

See the LaTeX manual or LaTeX Companion for explanation.
Type  H <return>  for immediate help.
 ...                                              
                                                  
l.428 }
       
Try typing  <return>  to proceed.
If that doesn't work, type  X <return>  to quit.


! LaTeX Error: Something's wrong--perhaps a missing \item.

See the LaTeX manual or LaTeX Companion for explanation.
Type  H <return>  for immediate help.
 ...                                              
                                                  
l.428 }
       
Try typing  <return>  to proceed.
If that doesn't work, type  X <return>  to quit.


! LaTeX Error: Something's wrong--perhaps a missing \item.

See the LaTeX manual or LaTeX Companion for explanation.
Type  H <return>  for immediate help.
 ...                                              
                                                  
l.428 }
       
Try typing  <return>  to proceed.
If that doesn't work, type  X <return>  to quit.

! Missing $ inserted.
<inserted text> 
                $
l.428 }
       
I've inserted a begin-math/end-math symbol since I think
you left one out. Proceed, with fingers crossed.

! Missing } inserted.
<inserted text> 
                }
l.428 }
       
I've inserted something that you may have forgotten.
(See the <inserted text> above.)
With luck, this will get me unwedged. But if you
really didn't forget anything, try typing `2' now; then
my insertion and my current dilemma will both disappear.


Overfull \hbox (88.7672pt too wide) in paragraph at lines 428--428
[]\OT1/cmr/m/n/10 A lin-ear equa-tion is a degree-1 poly-no-mial. 2 $[][] + 1\O
ML/cmm/m/it/10 isabase \OMS/cmsy/m/n/10 ^^@ \OT1/cmr/m/n/10 0\OML/cmm/m/it/10 :
\OT1/cmr/m/n/10 5\OML/cmm/m/it/10 exponentialfunction[][]No; theequationisnotli
near:[]$ 
 []

! Extra }, or forgotten \endgroup.
\par ...m \@noitemerr {\@@par }\fi \else {\@@par }
                                                  \fi 
l.428 }
       
I've deleted a group-closing symbol because it seems to be
spurious, as in `$x}$'. But perhaps the } is legitimate and
you forgot something else, as in `\hbox{$x}'. In such cases
the way to recover is to insert both the forgotten and the
deleted material, e.g., by typing `I$}'.

! Missing $ inserted.
<inserted text> 
                $
l.428 }
       
I've inserted a begin-math/end-math symbol since I think
you left one out. Proceed, with fingers crossed.


! LaTeX Error: Command \end{enumerate} invalid in math mode.

See the LaTeX manual or LaTeX Companion for explanation.
Type  H <return>  for immediate help.
 ...                                              
                                                  
l.428 }
       
Try typing  <return>  to proceed.
If that doesn't work, type  X <return>  to quit.


! LaTeX Error: Something's wrong--perhaps a missing \item.

See the LaTeX manual or LaTeX Companion for explanation.
Type  H <return>  for immediate help.
 ...                                              
                                                  
l.428 }
       
Try typing  <return>  to proceed.
If that doesn't work, type  X <return>  to quit.


! LaTeX Error: Something's wrong--perhaps a missing \item.

See the LaTeX manual or LaTeX Companion for explanation.
Type  H <return>  for immediate help.
 ...                                              
                                                  
l.428 }
       
Try typing  <return>  to proceed.
If that doesn't work, type  X <return>  to quit.

! Missing $ inserted.
<inserted text> 
                $
l.428 }
       
I've inserted something that you may have forgotten.
(See the <inserted text> above.)
With luck, this will get me unwedged. But if you
really didn't forget anything, try typing `2' now; then
my insertion and my current dilemma will both disappear.

! Missing $ inserted.
<inserted text> 
                $
l.428 }
       
I've inserted a begin-math/end-math symbol since I think
you left one out. Proceed, with fingers crossed.

! Missing $ inserted.
<inserted text> 
                $
l.428 }
       
I've inserted a begin-math/end-math symbol since I think
you left one out. Proceed, with fingers crossed.


Overfull \hbox (349.97028pt too wide) in paragraph at lines 428--428
[]\OT1/cmr/bx/n/10 General Com-ment: \OT1/cmr/m/n/10 The equa-tion graphed was 
2 $[][] + 1\OML/cmm/m/it/10 :Alinearfunctionisadegree \OMS/cmsy/m/n/10 ^^@ \OT1
/cmr/m/n/10 1\OML/cmm/m/it/10 polynomial:Polynomialequationshaveallvariableswit
hpositiveintegerexponents; like$\OT1/cmr/m/n/10 f(x)
 []


Overfull \hbox (25.00003pt too wide) in paragraph at lines 428--454
[][] 
 []


Overfull \hbox (25.00003pt too wide) in paragraph at lines 454--476
[][] 
 []

<../Figures/MA_8_F_1_2_graphF.png, id=113, 426.393pt x 343.2825pt>
File: ../Figures/MA_8_F_1_2_graphF.png Graphic file (type png)
<use ../Figures/MA_8_F_1_2_graphF.png>
Package pdftex.def Info: ../Figures/MA_8_F_1_2_graphF.png  used on input line 4
76.
(pdftex.def)             Requested size: 234.8775pt x 189.09404pt.

Underfull \vbox (badness 10000) has occurred while \output is active []

 [9]
Overfull \hbox (25.00003pt too wide) in paragraph at lines 476--502
[][] 
 []


Overfull \hbox (25.00003pt too wide) in paragraph at lines 502--518
[][] 
 []

[10 <../Figures/MA_8_F_1_2_graphF.png>]
Overfull \hbox (25.00003pt too wide) in paragraph at lines 518--544
[][] 
 []


Overfull \hbox (25.00003pt too wide) in paragraph at lines 544--566
[][] 
 []

<../Figures/MA_8_F_1_2_graphG.png, id=138, 446.6286pt x 343.2825pt>
File: ../Figures/MA_8_F_1_2_graphG.png Graphic file (type png)
<use ../Figures/MA_8_F_1_2_graphG.png>
Package pdftex.def Info: ../Figures/MA_8_F_1_2_graphG.png  used on input line 5
66.
(pdftex.def)             Requested size: 234.8775pt x 180.5298pt.

Underfull \vbox (badness 10000) has occurred while \output is active []

 [11]
Overfull \hbox (25.00003pt too wide) in paragraph at lines 566--582
[][] 
 []


Overfull \hbox (25.00003pt too wide) in paragraph at lines 582--598
[][] 
 []

! Missing $ inserted.
<inserted text> 
                $
l.598 }
       
I've inserted a begin-math/end-math symbol since I think
you left one out. Proceed, with fingers crossed.


! LaTeX Error: Command \item invalid in math mode.

See the LaTeX manual or LaTeX Companion for explanation.
Type  H <return>  for immediate help.
 ...                                              
                                                  
l.598 }
       
Try typing  <return>  to proceed.
If that doesn't work, type  X <return>  to quit.


! LaTeX Error: Something's wrong--perhaps a missing \item.

See the LaTeX manual or LaTeX Companion for explanation.
Type  H <return>  for immediate help.
 ...                                              
                                                  
l.598 }
       
Try typing  <return>  to proceed.
If that doesn't work, type  X <return>  to quit.


! LaTeX Error: Something's wrong--perhaps a missing \item.

See the LaTeX manual or LaTeX Companion for explanation.
Type  H <return>  for immediate help.
 ...                                              
                                                  
l.598 }
       
Try typing  <return>  to proceed.
If that doesn't work, type  X <return>  to quit.

! Missing $ inserted.
<inserted text> 
                $
l.598 }
       
I've inserted a begin-math/end-math symbol since I think
you left one out. Proceed, with fingers crossed.

! Missing } inserted.
<inserted text> 
                }
l.598 }
       
I've inserted something that you may have forgotten.
(See the <inserted text> above.)
With luck, this will get me unwedged. But if you
really didn't forget anything, try typing `2' now; then
my insertion and my current dilemma will both disappear.


Overfull \hbox (44.90677pt too wide) in paragraph at lines 598--598
[]\OT1/cmr/m/n/10 A lin-ear equa-tion is a degree-1 poly-no-mial. -3$[] + 6\OML
/cmm/m/it/10 isasquarerootfunction[][]No; theequationisnotlinear:[]$ 
 []

! Extra }, or forgotten \endgroup.
\par ...m \@noitemerr {\@@par }\fi \else {\@@par }
                                                  \fi 
l.598 }
       
I've deleted a group-closing symbol because it seems to be
spurious, as in `$x}$'. But perhaps the } is legitimate and
you forgot something else, as in `\hbox{$x}'. In such cases
the way to recover is to insert both the forgotten and the
deleted material, e.g., by typing `I$}'.

! Missing $ inserted.
<inserted text> 
                $
l.598 }
       
I've inserted a begin-math/end-math symbol since I think
you left one out. Proceed, with fingers crossed.


! LaTeX Error: Command \end{enumerate} invalid in math mode.

See the LaTeX manual or LaTeX Companion for explanation.
Type  H <return>  for immediate help.
 ...                                              
                                                  
l.598 }
       
Try typing  <return>  to proceed.
If that doesn't work, type  X <return>  to quit.


! LaTeX Error: Something's wrong--perhaps a missing \item.

See the LaTeX manual or LaTeX Companion for explanation.
Type  H <return>  for immediate help.
 ...                                              
                                                  
l.598 }
       
Try typing  <return>  to proceed.
If that doesn't work, type  X <return>  to quit.


! LaTeX Error: Something's wrong--perhaps a missing \item.

See the LaTeX manual or LaTeX Companion for explanation.
Type  H <return>  for immediate help.
 ...                                              
                                                  
l.598 }
       
Try typing  <return>  to proceed.
If that doesn't work, type  X <return>  to quit.

! Missing $ inserted.
<inserted text> 
                $
l.598 }
       
I've inserted something that you may have forgotten.
(See the <inserted text> above.)
With luck, this will get me unwedged. But if you
really didn't forget anything, try typing `2' now; then
my insertion and my current dilemma will both disappear.

! Missing $ inserted.
<inserted text> 
                $
l.598 }
       
I've inserted a begin-math/end-math symbol since I think
you left one out. Proceed, with fingers crossed.

! Missing $ inserted.
<inserted text> 
                $
l.598 }
       
I've inserted a begin-math/end-math symbol since I think
you left one out. Proceed, with fingers crossed.


Overfull \hbox (349.95901pt too wide) in paragraph at lines 598--598
[]\OT1/cmr/bx/n/10 General Com-ment: \OT1/cmr/m/n/10 The equa-tion graphed was 
-3$[] + 6\OML/cmm/m/it/10 :Alinearfunctionisadegree \OMS/cmsy/m/n/10 ^^@ \OT1/c
mr/m/n/10 1\OML/cmm/m/it/10 polynomial:Polynomialequationshaveallvariableswithp
ositiveintegerexponents; like$\OT1/cmr/m/n/10 f(x)
 []

[12 <../Figures/MA_8_F_1_2_graphG.png>]
Overfull \hbox (25.00003pt too wide) in paragraph at lines 598--624
[][] 
 []


Overfull \hbox (25.00003pt too wide) in paragraph at lines 624--646
[][] 
 []

<../Figures/MA_8_F_1_2_graphH.png, id=163, 446.6286pt x 343.2825pt>
File: ../Figures/MA_8_F_1_2_graphH.png Graphic file (type png)
<use ../Figures/MA_8_F_1_2_graphH.png>
Package pdftex.def Info: ../Figures/MA_8_F_1_2_graphH.png  used on input line 6
46.
(pdftex.def)             Requested size: 234.8775pt x 180.5298pt.
[13 <../Figures/MA_8_F_1_2_graphH.png>]
Overfull \hbox (25.00003pt too wide) in paragraph at lines 646--672
[][] 
 []


Overfull \hbox (25.00003pt too wide) in paragraph at lines 672--688
[][] 
 []


Overfull \hbox (25.00003pt too wide) in paragraph at lines 688--714
[][] 
 []

[14]
Overfull \hbox (25.00003pt too wide) in paragraph at lines 714--736
[][] 
 []

<../Figures/MA_8_F_1_2_graphI.png, id=187, 441.5697pt x 343.2825pt>
File: ../Figures/MA_8_F_1_2_graphI.png Graphic file (type png)
<use ../Figures/MA_8_F_1_2_graphI.png>
Package pdftex.def Info: ../Figures/MA_8_F_1_2_graphI.png  used on input line 7
36.
(pdftex.def)             Requested size: 234.8775pt x 182.59885pt.

Overfull \hbox (25.00003pt too wide) in paragraph at lines 736--762
[][] 
 []


Underfull \vbox (badness 3792) has occurred while \output is active []

 [15 <../Figures/MA_8_F_1_2_graphI.png>]
Overfull \hbox (25.00003pt too wide) in paragraph at lines 762--778
[][] 
 []


Overfull \hbox (25.00003pt too wide) in paragraph at lines 778--804
[][] 
 []

[16]
Overfull \hbox (25.00003pt too wide) in paragraph at lines 804--826
[][] 
 []

<../Figures/MA_8_F_1_2_graphJ.png, id=211, 443.7378pt x 343.2825pt>
File: ../Figures/MA_8_F_1_2_graphJ.png Graphic file (type png)
<use ../Figures/MA_8_F_1_2_graphJ.png>
Package pdftex.def Info: ../Figures/MA_8_F_1_2_graphJ.png  used on input line 8
26.
(pdftex.def)             Requested size: 234.8775pt x 181.70314pt.
! Missing $ inserted.
<inserted text> 
                $
l.826 }
       
I've inserted a begin-math/end-math symbol since I think
you left one out. Proceed, with fingers crossed.

! Missing $ inserted.
<inserted text> 
                $
l.826 }
       
I've inserted a begin-math/end-math symbol since I think
you left one out. Proceed, with fingers crossed.


Overfull \hbox (444.49358pt too wide) in paragraph at lines 826--826
[]\OT1/cmr/bx/n/10 General Com-ment: \OT1/cmr/m/n/10 The equa-tion graphed was 
4 $[][] \OMS/cmsy/m/n/10 ^^@ \OT1/cmr/m/n/10 4\OML/cmm/m/it/10 :Alinearfunction
hasaconstantrateofgrowth:Thismeansthatas$\OT1/cmr/m/n/10 x$\OML/cmm/m/it/10 inc
reasesordecreases;$\OT1/cmr/m/n/10 y$\OML/cmm/m/it/10 increaseordecreasesatthes
amerate:Forexample;$\OT1/cmr/m/n/10 x$[]$
 []


Overfull \hbox (25.00003pt too wide) in paragraph at lines 826--852
[][] 
 []

[17 <../Figures/MA_8_F_1_2_graphJ.png>]
Overfull \hbox (25.00003pt too wide) in paragraph at lines 852--868
[][] 
 []


Overfull \hbox (25.00003pt too wide) in paragraph at lines 868--894
[][] 
 []


Overfull \hbox (25.00003pt too wide) in paragraph at lines 894--916
[][] 
 []

<../Figures/MA_8_F_1_2_graphK.png, id=223, 426.393pt x 343.2825pt>
File: ../Figures/MA_8_F_1_2_graphK.png Graphic file (type png)
<use ../Figures/MA_8_F_1_2_graphK.png>
Package pdftex.def Info: ../Figures/MA_8_F_1_2_graphK.png  used on input line 9
16.
(pdftex.def)             Requested size: 234.8775pt x 189.09404pt.

Underfull \vbox (badness 1694) has occurred while \output is active []

 [18]
Overfull \hbox (25.00003pt too wide) in paragraph at lines 916--932
[][] 
 []


Overfull \hbox (25.00003pt too wide) in paragraph at lines 932--948
[][] 
 []

[19 <../Figures/MA_8_F_1_2_graphK.png>]
Overfull \hbox (25.00003pt too wide) in paragraph at lines 948--974
[][] 
 []


Overfull \hbox (25.00003pt too wide) in paragraph at lines 974--996
[][] 
 []

<../Figures/MA_8_F_1_2_graphL.png, id=248, 446.6286pt x 343.2825pt>
File: ../Figures/MA_8_F_1_2_graphL.png Graphic file (type png)
<use ../Figures/MA_8_F_1_2_graphL.png>
Package pdftex.def Info: ../Figures/MA_8_F_1_2_graphL.png  used on input line 9
96.
(pdftex.def)             Requested size: 234.8775pt x 180.5298pt.
[20 <../Figures/MA_8_F_1_2_graphL.png>]
Overfull \hbox (25.00003pt too wide) in paragraph at lines 996--1022
[][] 
 []


Overfull \hbox (25.00003pt too wide) in paragraph at lines 1022--1038
[][] 
 []


Overfull \hbox (25.00003pt too wide) in paragraph at lines 1038--1064
[][] 
 []

[21]
Overfull \hbox (25.00003pt too wide) in paragraph at lines 1064--1086
[][] 
 []

<../Figures/MA_8_F_1_2_graphM.png, id=273, 461.8053pt x 343.2825pt>
File: ../Figures/MA_8_F_1_2_graphM.png Graphic file (type png)
<use ../Figures/MA_8_F_1_2_graphM.png>
Package pdftex.def Info: ../Figures/MA_8_F_1_2_graphM.png  used on input line 1
086.
(pdftex.def)             Requested size: 234.8775pt x 174.59508pt.

Overfull \hbox (25.00003pt too wide) in paragraph at lines 1086--1112
[][] 
 []

[22 <../Figures/MA_8_F_1_2_graphM.png>]
Overfull \hbox (25.00003pt too wide) in paragraph at lines 1112--1128
[][] 
 []

! Missing $ inserted.
<inserted text> 
                $
l.1128 }
        
I've inserted a begin-math/end-math symbol since I think
you left one out. Proceed, with fingers crossed.

! Extra }, or forgotten $.
\next@ ...}{\r@@t \scriptscriptstyle {#2}}\egroup 
                                                  
l.1128 }
        
I've deleted a group-closing symbol because it seems to be
spurious, as in `$x}$'. But perhaps the } is legitimate and
you forgot something else, as in `\hbox{$x}'. In such cases
the way to recover is to insert both the forgotten and the
deleted material, e.g., by typing `I$}'.


! LaTeX Error: Command \item invalid in math mode.

See the LaTeX manual or LaTeX Companion for explanation.
Type  H <return>  for immediate help.
 ...                                              
                                                  
l.1128 }
        
Try typing  <return>  to proceed.
If that doesn't work, type  X <return>  to quit.


! LaTeX Error: Something's wrong--perhaps a missing \item.

See the LaTeX manual or LaTeX Companion for explanation.
Type  H <return>  for immediate help.
 ...                                              
                                                  
l.1128 }
        
Try typing  <return>  to proceed.
If that doesn't work, type  X <return>  to quit.


! LaTeX Error: Something's wrong--perhaps a missing \item.

See the LaTeX manual or LaTeX Companion for explanation.
Type  H <return>  for immediate help.
 ...                                              
                                                  
l.1128 }
        
Try typing  <return>  to proceed.
If that doesn't work, type  X <return>  to quit.

! Missing $ inserted.
<inserted text> 
                $
l.1128 }
        
I've inserted a begin-math/end-math symbol since I think
you left one out. Proceed, with fingers crossed.

! Missing } inserted.
<inserted text> 
                }
l.1128 }
        
I've inserted something that you may have forgotten.
(See the <inserted text> above.)
With luck, this will get me unwedged. But if you
really didn't forget anything, try typing `2' now; then
my insertion and my current dilemma will both disappear.


Overfull \hbox (42.34325pt too wide) in paragraph at lines 1128--1128
[]\OT1/cmr/m/n/10 A lin-ear equa-tion is a degree-1 poly-no-mial. -3$[][] + 4\O
ML/cmm/m/it/10 isacuberootfunction[][]No; theequationisnotlinear:[]$ 
 []

! Missing $ inserted.
<inserted text> 
                $
l.1128 }
        
I've inserted a begin-math/end-math symbol since I think
you left one out. Proceed, with fingers crossed.

! Extra }, or forgotten $.
\next@ ...}{\r@@t \scriptscriptstyle {#2}}\egroup 
                                                  
l.1128 }
        
I've deleted a group-closing symbol because it seems to be
spurious, as in `$x}$'. But perhaps the } is legitimate and
you forgot something else, as in `\hbox{$x}'. In such cases
the way to recover is to insert both the forgotten and the
deleted material, e.g., by typing `I$}'.


! LaTeX Error: Command \end{enumerate} invalid in math mode.

See the LaTeX manual or LaTeX Companion for explanation.
Type  H <return>  for immediate help.
 ...                                              
                                                  
l.1128 }
        
Try typing  <return>  to proceed.
If that doesn't work, type  X <return>  to quit.


! LaTeX Error: Something's wrong--perhaps a missing \item.

See the LaTeX manual or LaTeX Companion for explanation.
Type  H <return>  for immediate help.
 ...                                              
                                                  
l.1128 }
        
Try typing  <return>  to proceed.
If that doesn't work, type  X <return>  to quit.


! LaTeX Error: Something's wrong--perhaps a missing \item.

See the LaTeX manual or LaTeX Companion for explanation.
Type  H <return>  for immediate help.
 ...                                              
                                                  
l.1128 }
        
Try typing  <return>  to proceed.
If that doesn't work, type  X <return>  to quit.

! Missing $ inserted.
<inserted text> 
                $
l.1128 }
        
I've inserted something that you may have forgotten.
(See the <inserted text> above.)
With luck, this will get me unwedged. But if you
really didn't forget anything, try typing `2' now; then
my insertion and my current dilemma will both disappear.

! Missing } inserted.
<inserted text> 
                }
l.1128 }
        
I've inserted something that you may have forgotten.
(See the <inserted text> above.)
With luck, this will get me unwedged. But if you
really didn't forget anything, try typing `2' now; then
my insertion and my current dilemma will both disappear.

! Missing $ inserted.
<inserted text> 
                $
l.1128 }
        
I've inserted a begin-math/end-math symbol since I think
you left one out. Proceed, with fingers crossed.

! Extra }, or forgotten $.
\next@ ...}{\r@@t \scriptscriptstyle {#2}}\egroup 
                                                  
l.1128 }
        
I've deleted a group-closing symbol because it seems to be
spurious, as in `$x}$'. But perhaps the } is legitimate and
you forgot something else, as in `\hbox{$x}'. In such cases
the way to recover is to insert both the forgotten and the
deleted material, e.g., by typing `I$}'.

! Missing $ inserted.
<inserted text> 
                $
l.1128 }
        
I've inserted a begin-math/end-math symbol since I think
you left one out. Proceed, with fingers crossed.


Overfull \hbox (358.36194pt too wide) in paragraph at lines 1128--1128
[]\OT1/cmr/bx/n/10 General Com-ment: \OT1/cmr/m/n/10 The equa-tion graphed was 
-3$[][] + 4\OML/cmm/m/it/10 :Alinearfunctionisadegree \OMS/cmsy/m/n/10 ^^@ \OT1
/cmr/m/n/10 1\OML/cmm/m/it/10 polynomial:Polynomialequationshaveallvariableswit
hpositiveintegerexponents; like$\OT1/cmr/m/n/10 f(x)
 []


Overfull \hbox (25.00003pt too wide) in paragraph at lines 1128--1154
[][] 
 []


Overfull \hbox (25.00003pt too wide) in paragraph at lines 1154--1176
[][] 
 []

[23]
<../Figures/MA_8_F_1_2_graphN.png, id=298, 461.8053pt x 343.2825pt>
File: ../Figures/MA_8_F_1_2_graphN.png Graphic file (type png)
<use ../Figures/MA_8_F_1_2_graphN.png>
Package pdftex.def Info: ../Figures/MA_8_F_1_2_graphN.png  used on input line 1
176.
(pdftex.def)             Requested size: 234.8775pt x 174.59508pt.

Overfull \hbox (25.00003pt too wide) in paragraph at lines 1176--1202
[][] 
 []

[24 <../Figures/MA_8_F_1_2_graphN.png>]
Overfull \hbox (25.00003pt too wide) in paragraph at lines 1202--1218
[][] 
 []


Overfull \hbox (25.00003pt too wide) in paragraph at lines 1218--1244
[][] 
 []


Overfull \hbox (25.00003pt too wide) in paragraph at lines 1244--1266
[][] 
 []

<../Figures/MA_8_F_1_2_graphO.png, id=310, 446.6286pt x 343.2825pt>
File: ../Figures/MA_8_F_1_2_graphO.png Graphic file (type png)
<use ../Figures/MA_8_F_1_2_graphO.png>
Package pdftex.def Info: ../Figures/MA_8_F_1_2_graphO.png  used on input line 1
266.
(pdftex.def)             Requested size: 234.8775pt x 180.5298pt.

Underfull \vbox (badness 3209) has occurred while \output is active []

 [25]
Overfull \hbox (25.00003pt too wide) in paragraph at lines 1266--1292
[][] 
 []


Overfull \hbox (25.00003pt too wide) in paragraph at lines 1292--1308
[][] 
 []

[26 <../Figures/MA_8_F_1_2_graphO.png>]
Overfull \hbox (25.00003pt too wide) in paragraph at lines 1308--1334
[][] 
 []


Overfull \hbox (25.00003pt too wide) in paragraph at lines 1334--1356
[][] 
 []

<../Figures/MA_8_F_1_2_graphP.png, id=334, 461.8053pt x 343.2825pt>
File: ../Figures/MA_8_F_1_2_graphP.png Graphic file (type png)
<use ../Figures/MA_8_F_1_2_graphP.png>
Package pdftex.def Info: ../Figures/MA_8_F_1_2_graphP.png  used on input line 1
356.
(pdftex.def)             Requested size: 234.8775pt x 174.59508pt.
[27 <../Figures/MA_8_F_1_2_graphP.png>]
Overfull \hbox (25.00003pt too wide) in paragraph at lines 1356--1382
[][] 
 []


Overfull \hbox (25.00003pt too wide) in paragraph at lines 1382--1398
[][] 
 []


Overfull \hbox (25.00003pt too wide) in paragraph at lines 1398--1424
[][] 
 []

[28]
Overfull \hbox (25.00003pt too wide) in paragraph at lines 1424--1446
[][] 
 []

<../Figures/MA_8_F_1_2_graphQ.png, id=358, 448.7967pt x 343.2825pt>
File: ../Figures/MA_8_F_1_2_graphQ.png Graphic file (type png)
<use ../Figures/MA_8_F_1_2_graphQ.png>
Package pdftex.def Info: ../Figures/MA_8_F_1_2_graphQ.png  used on input line 1
446.
(pdftex.def)             Requested size: 234.8775pt x 179.6603pt.

Overfull \hbox (25.00003pt too wide) in paragraph at lines 1446--1472
[][] 
 []

[29 <../Figures/MA_8_F_1_2_graphQ.png>]
Overfull \hbox (25.00003pt too wide) in paragraph at lines 1472--1488
[][] 
 []

! Missing $ inserted.
<inserted text> 
                $
l.1488 }
        
I've inserted a begin-math/end-math symbol since I think
you left one out. Proceed, with fingers crossed.


! LaTeX Error: Command \item invalid in math mode.

See the LaTeX manual or LaTeX Companion for explanation.
Type  H <return>  for immediate help.
 ...                                              
                                                  
l.1488 }
        
Try typing  <return>  to proceed.
If that doesn't work, type  X <return>  to quit.


! LaTeX Error: Something's wrong--perhaps a missing \item.

See the LaTeX manual or LaTeX Companion for explanation.
Type  H <return>  for immediate help.
 ...                                              
                                                  
l.1488 }
        
Try typing  <return>  to proceed.
If that doesn't work, type  X <return>  to quit.


! LaTeX Error: Something's wrong--perhaps a missing \item.

See the LaTeX manual or LaTeX Companion for explanation.
Type  H <return>  for immediate help.
 ...                                              
                                                  
l.1488 }
        
Try typing  <return>  to proceed.
If that doesn't work, type  X <return>  to quit.

! Missing $ inserted.
<inserted text> 
                $
l.1488 }
        
I've inserted a begin-math/end-math symbol since I think
you left one out. Proceed, with fingers crossed.

! Missing } inserted.
<inserted text> 
                }
l.1488 }
        
I've inserted something that you may have forgotten.
(See the <inserted text> above.)
With luck, this will get me unwedged. But if you
really didn't forget anything, try typing `2' now; then
my insertion and my current dilemma will both disappear.


Overfull \hbox (47.13719pt too wide) in paragraph at lines 1488--1488
[]\OT1/cmr/m/n/10 A lin-ear equa-tion is a degree-1 poly-no-mial. -3(x + 3)$[] 
+ 1\OML/cmm/m/it/10 isadegree \OMS/cmsy/m/n/10 ^^@ \OT1/cmr/m/n/10 4\OML/cmm/m/
it/10 polynomial[][]No; theequationisnotlinear:[]$ 
 []

! Extra }, or forgotten \endgroup.
\par ...m \@noitemerr {\@@par }\fi \else {\@@par }
                                                  \fi 
l.1488 }
        
I've deleted a group-closing symbol because it seems to be
spurious, as in `$x}$'. But perhaps the } is legitimate and
you forgot something else, as in `\hbox{$x}'. In such cases
the way to recover is to insert both the forgotten and the
deleted material, e.g., by typing `I$}'.

! Missing $ inserted.
<inserted text> 
                $
l.1488 }
        
I've inserted a begin-math/end-math symbol since I think
you left one out. Proceed, with fingers crossed.


! LaTeX Error: Command \end{enumerate} invalid in math mode.

See the LaTeX manual or LaTeX Companion for explanation.
Type  H <return>  for immediate help.
 ...                                              
                                                  
l.1488 }
        
Try typing  <return>  to proceed.
If that doesn't work, type  X <return>  to quit.


! LaTeX Error: Something's wrong--perhaps a missing \item.

See the LaTeX manual or LaTeX Companion for explanation.
Type  H <return>  for immediate help.
 ...                                              
                                                  
l.1488 }
        
Try typing  <return>  to proceed.
If that doesn't work, type  X <return>  to quit.


! LaTeX Error: Something's wrong--perhaps a missing \item.

See the LaTeX manual or LaTeX Companion for explanation.
Type  H <return>  for immediate help.
 ...                                              
                                                  
l.1488 }
        
Try typing  <return>  to proceed.
If that doesn't work, type  X <return>  to quit.

! Missing $ inserted.
<inserted text> 
                $
l.1488 }
        
I've inserted something that you may have forgotten.
(See the <inserted text> above.)
With luck, this will get me unwedged. But if you
really didn't forget anything, try typing `2' now; then
my insertion and my current dilemma will both disappear.

! Missing $ inserted.
<inserted text> 
                $
l.1488 }
        
I've inserted a begin-math/end-math symbol since I think
you left one out. Proceed, with fingers crossed.

! Missing $ inserted.
<inserted text> 
                $
l.1488 }
        
I've inserted a begin-math/end-math symbol since I think
you left one out. Proceed, with fingers crossed.


Overfull \hbox (348.4522pt too wide) in paragraph at lines 1488--1488
[]\OT1/cmr/bx/n/10 General Com-ment: \OT1/cmr/m/n/10 The equa-tion graphed was 
-3(x + 3)$[] + 1\OML/cmm/m/it/10 :Alinearfunctionisadegree \OMS/cmsy/m/n/10 ^^@
 \OT1/cmr/m/n/10 1\OML/cmm/m/it/10 polynomial:Polynomialequationshaveallvariabl
eswithpositiveintegerexponents; like$\OT1/cmr/m/n/10 f(x)
 []


Overfull \hbox (25.00003pt too wide) in paragraph at lines 1488--1514
[][] 
 []

[30]
Overfull \hbox (25.00003pt too wide) in paragraph at lines 1514--1536
[][] 
 []

<../Figures/MA_8_F_1_2_graphR.png, id=383, 441.5697pt x 343.2825pt>
File: ../Figures/MA_8_F_1_2_graphR.png Graphic file (type png)
<use ../Figures/MA_8_F_1_2_graphR.png>
Package pdftex.def Info: ../Figures/MA_8_F_1_2_graphR.png  used on input line 1
536.
(pdftex.def)             Requested size: 234.8775pt x 182.59885pt.
! Missing $ inserted.
<inserted text> 
                $
l.1536 }
        
I've inserted a begin-math/end-math symbol since I think
you left one out. Proceed, with fingers crossed.

! Missing $ inserted.
<inserted text> 
                $
l.1536 }
        
I've inserted a begin-math/end-math symbol since I think
you left one out. Proceed, with fingers crossed.


Overfull \hbox (438.24356pt too wide) in paragraph at lines 1536--1536
[]\OT1/cmr/bx/n/10 General Com-ment: \OT1/cmr/m/n/10 The equa-tion graphed was 
4 $[][] \OMS/cmsy/m/n/10 ^^@ \OT1/cmr/m/n/10 1\OML/cmm/m/it/10 :Alinearfunction
hasaconstantrateofgrowth:Thismeansthatas$\OT1/cmr/m/n/10 x$\OML/cmm/m/it/10 inc
reasesordecreases;$\OT1/cmr/m/n/10 y$\OML/cmm/m/it/10 increaseordecreasesatthes
amerate:Forexample;$\OT1/cmr/m/n/10 x$[]$
 []


Overfull \hbox (25.00003pt too wide) in paragraph at lines 1536--1552
[][] 
 []


Overfull \hbox (25.00003pt too wide) in paragraph at lines 1552--1568
[][] 
 []

[31 <../Figures/MA_8_F_1_2_graphR.png>]
Overfull \hbox (25.00003pt too wide) in paragraph at lines 1568--1594
[][] 
 []


Overfull \hbox (25.00003pt too wide) in paragraph at lines 1594--1616
[][] 
 []

<../Figures/MA_8_F_1_2_graphS.png, id=397, 461.8053pt x 343.2825pt>
File: ../Figures/MA_8_F_1_2_graphS.png Graphic file (type png)
<use ../Figures/MA_8_F_1_2_graphS.png>
Package pdftex.def Info: ../Figures/MA_8_F_1_2_graphS.png  used on input line 1
616.
(pdftex.def)             Requested size: 234.8775pt x 174.59508pt.

Underfull \vbox (badness 10000) has occurred while \output is active []

 [32]
Overfull \hbox (25.00003pt too wide) in paragraph at lines 1616--1642
[][] 
 []


Overfull \hbox (25.00003pt too wide) in paragraph at lines 1642--1658
[][] 
 []

[33 <../Figures/MA_8_F_1_2_graphS.png>]
Overfull \hbox (25.00003pt too wide) in paragraph at lines 1658--1684
[][] 
 []


Overfull \hbox (25.00003pt too wide) in paragraph at lines 1684--1706
[][] 
 []

<../Figures/MA_8_F_1_2_graphT.png, id=420, 441.5697pt x 346.896pt>
File: ../Figures/MA_8_F_1_2_graphT.png Graphic file (type png)
<use ../Figures/MA_8_F_1_2_graphT.png>
Package pdftex.def Info: ../Figures/MA_8_F_1_2_graphT.png  used on input line 1
706.
(pdftex.def)             Requested size: 234.8775pt x 184.52094pt.
[34 <../Figures/MA_8_F_1_2_graphT.png>]
! Missing $ inserted.
<inserted text> 
                $
l.1706 }
        
I've inserted a begin-math/end-math symbol since I think
you left one out. Proceed, with fingers crossed.

! Missing $ inserted.
<inserted text> 
                $
l.1706 }
        
I've inserted a begin-math/end-math symbol since I think
you left one out. Proceed, with fingers crossed.


Overfull \hbox (444.49358pt too wide) in paragraph at lines 1706--1706
[]\OT1/cmr/bx/n/10 General Com-ment: \OT1/cmr/m/n/10 The equa-tion graphed was 
5 $[][] \OMS/cmsy/m/n/10 ^^@ \OT1/cmr/m/n/10 1\OML/cmm/m/it/10 :Alinearfunction
hasaconstantrateofgrowth:Thismeansthatas$\OT1/cmr/m/n/10 x$\OML/cmm/m/it/10 inc
reasesordecreases;$\OT1/cmr/m/n/10 y$\OML/cmm/m/it/10 increaseordecreasesatthes
amerate:Forexample;$\OT1/cmr/m/n/10 x$[]$
 []


Overfull \hbox (25.00003pt too wide) in paragraph at lines 1706--1732
[][] 
 []


Overfull \hbox (25.00003pt too wide) in paragraph at lines 1732--1748
[][] 
 []

! Missing $ inserted.
<inserted text> 
                $
l.1748 }
        
I've inserted a begin-math/end-math symbol since I think
you left one out. Proceed, with fingers crossed.

! Extra }, or forgotten $.
\next@ ...}{\r@@t \scriptscriptstyle {#2}}\egroup 
                                                  
l.1748 }
        
I've deleted a group-closing symbol because it seems to be
spurious, as in `$x}$'. But perhaps the } is legitimate and
you forgot something else, as in `\hbox{$x}'. In such cases
the way to recover is to insert both the forgotten and the
deleted material, e.g., by typing `I$}'.


! LaTeX Error: Command \item invalid in math mode.

See the LaTeX manual or LaTeX Companion for explanation.
Type  H <return>  for immediate help.
 ...                                              
                                                  
l.1748 }
        
Try typing  <return>  to proceed.
If that doesn't work, type  X <return>  to quit.


! LaTeX Error: Something's wrong--perhaps a missing \item.

See the LaTeX manual or LaTeX Companion for explanation.
Type  H <return>  for immediate help.
 ...                                              
                                                  
l.1748 }
        
Try typing  <return>  to proceed.
If that doesn't work, type  X <return>  to quit.


! LaTeX Error: Something's wrong--perhaps a missing \item.

See the LaTeX manual or LaTeX Companion for explanation.
Type  H <return>  for immediate help.
 ...                                              
                                                  
l.1748 }
        
Try typing  <return>  to proceed.
If that doesn't work, type  X <return>  to quit.

! Missing $ inserted.
<inserted text> 
                $
l.1748 }
        
I've inserted a begin-math/end-math symbol since I think
you left one out. Proceed, with fingers crossed.

! Missing } inserted.
<inserted text> 
                }
l.1748 }
        
I've inserted something that you may have forgotten.
(See the <inserted text> above.)
With luck, this will get me unwedged. But if you
really didn't forget anything, try typing `2' now; then
my insertion and my current dilemma will both disappear.


Overfull \hbox (34.56544pt too wide) in paragraph at lines 1748--1748
[]\OT1/cmr/m/n/10 A lin-ear equa-tion is a degree-1 poly-no-mial. -4$[][] \OMS/
cmsy/m/n/10 ^^@ \OT1/cmr/m/n/10 3\OML/cmm/m/it/10 isacuberootfunction[][]No; th
eequationisnotlinear:[]$ 
 []

! Missing $ inserted.
<inserted text> 
                $
l.1748 }
        
I've inserted a begin-math/end-math symbol since I think
you left one out. Proceed, with fingers crossed.

! Extra }, or forgotten $.
\next@ ...}{\r@@t \scriptscriptstyle {#2}}\egroup 
                                                  
l.1748 }
        
I've deleted a group-closing symbol because it seems to be
spurious, as in `$x}$'. But perhaps the } is legitimate and
you forgot something else, as in `\hbox{$x}'. In such cases
the way to recover is to insert both the forgotten and the
deleted material, e.g., by typing `I$}'.


! LaTeX Error: Command \end{enumerate} invalid in math mode.

See the LaTeX manual or LaTeX Companion for explanation.
Type  H <return>  for immediate help.
 ...                                              
                                                  
l.1748 }
        
Try typing  <return>  to proceed.
If that doesn't work, type  X <return>  to quit.


! LaTeX Error: Something's wrong--perhaps a missing \item.

See the LaTeX manual or LaTeX Companion for explanation.
Type  H <return>  for immediate help.
 ...                                              
                                                  
l.1748 }
        
Try typing  <return>  to proceed.
If that doesn't work, type  X <return>  to quit.


! LaTeX Error: Something's wrong--perhaps a missing \item.

See the LaTeX manual or LaTeX Companion for explanation.
Type  H <return>  for immediate help.
 ...                                              
                                                  
l.1748 }
        
Try typing  <return>  to proceed.
If that doesn't work, type  X <return>  to quit.

! Missing $ inserted.
<inserted text> 
                $
l.1748 }
        
I've inserted something that you may have forgotten.
(See the <inserted text> above.)
With luck, this will get me unwedged. But if you
really didn't forget anything, try typing `2' now; then
my insertion and my current dilemma will both disappear.

! Missing } inserted.
<inserted text> 
                }
l.1748 }
        
I've inserted something that you may have forgotten.
(See the <inserted text> above.)
With luck, this will get me unwedged. But if you
really didn't forget anything, try typing `2' now; then
my insertion and my current dilemma will both disappear.

! Missing $ inserted.
<inserted text> 
                $
l.1748 }
        
I've inserted a begin-math/end-math symbol since I think
you left one out. Proceed, with fingers crossed.

! Extra }, or forgotten $.
\next@ ...}{\r@@t \scriptscriptstyle {#2}}\egroup 
                                                  
l.1748 }
        
I've deleted a group-closing symbol because it seems to be
spurious, as in `$x}$'. But perhaps the } is legitimate and
you forgot something else, as in `\hbox{$x}'. In such cases
the way to recover is to insert both the forgotten and the
deleted material, e.g., by typing `I$}'.

! Missing $ inserted.
<inserted text> 
                $
l.1748 }
        
I've inserted a begin-math/end-math symbol since I think
you left one out. Proceed, with fingers crossed.


Overfull \hbox (350.58414pt too wide) in paragraph at lines 1748--1748
[]\OT1/cmr/bx/n/10 General Com-ment: \OT1/cmr/m/n/10 The equa-tion graphed was 
-4$[][] \OMS/cmsy/m/n/10 ^^@ \OT1/cmr/m/n/10 3\OML/cmm/m/it/10 :Alinearfunction
isadegree \OMS/cmsy/m/n/10 ^^@ \OT1/cmr/m/n/10 1\OML/cmm/m/it/10 polynomial:Pol
ynomialequationshaveallvariableswithpositiveintegerexponents; like$\OT1/cmr/m/n
/10 f(x)
 []


Overfull \hbox (25.00003pt too wide) in paragraph at lines 1748--1774
[][] 
 []

[35]
Overfull \hbox (25.00003pt too wide) in paragraph at lines 1774--1796
[][] 
 []

<../Figures/MA_8_F_1_2_graphU.png, id=445, 458.9145pt x 343.2825pt>
File: ../Figures/MA_8_F_1_2_graphU.png Graphic file (type png)
<use ../Figures/MA_8_F_1_2_graphU.png>
Package pdftex.def Info: ../Figures/MA_8_F_1_2_graphU.png  used on input line 1
796.
(pdftex.def)             Requested size: 234.8775pt x 175.69507pt.
! Missing $ inserted.
<inserted text> 
                $
l.1796 }
        
I've inserted a begin-math/end-math symbol since I think
you left one out. Proceed, with fingers crossed.

! Missing $ inserted.
<inserted text> 
                $
l.1796 }
        
I've inserted a begin-math/end-math symbol since I think
you left one out. Proceed, with fingers crossed.


Overfull \hbox (433.39215pt too wide) in paragraph at lines 1796--1796
[]\OT1/cmr/bx/n/10 General Com-ment: \OT1/cmr/m/n/10 The equa-tion graphed was 
3(x + 5)$[] \OMS/cmsy/m/n/10 ^^@ \OT1/cmr/m/n/10 2\OML/cmm/m/it/10 :Alinearfunc
tionhasaconstantrateofgrowth:Thismeansthatas$\OT1/cmr/m/n/10 x$\OML/cmm/m/it/10
 increasesordecreases;$\OT1/cmr/m/n/10 y$\OML/cmm/m/it/10 increaseordecreasesat
thesamerate:Forexample;$\OT1/cmr/m/n/10 x$[]$
 []


Overfull \hbox (25.00003pt too wide) in paragraph at lines 1796--1812
[][] 
 []

[36 <../Figures/MA_8_F_1_2_graphU.png>]
Overfull \hbox (25.00003pt too wide) in paragraph at lines 1812--1828
[][] 
 []


Overfull \hbox (25.00003pt too wide) in paragraph at lines 1828--1854
[][] 
 []


Overfull \hbox (25.00003pt too wide) in paragraph at lines 1854--1876
[][] 
 []

[37]
<../Figures/MA_8_F_1_2_graphV.png, id=470, 426.393pt x 343.2825pt>
File: ../Figures/MA_8_F_1_2_graphV.png Graphic file (type png)
<use ../Figures/MA_8_F_1_2_graphV.png>
Package pdftex.def Info: ../Figures/MA_8_F_1_2_graphV.png  used on input line 1
876.
(pdftex.def)             Requested size: 234.8775pt x 189.09404pt.

Overfull \hbox (25.00003pt too wide) in paragraph at lines 1876--1902
[][] 
 []


Overfull \hbox (25.00003pt too wide) in paragraph at lines 1902--1918
[][] 
 []

[38 <../Figures/MA_8_F_1_2_graphV.png>]
Overfull \hbox (25.00003pt too wide) in paragraph at lines 1918--1944
[][] 
 []


Overfull \hbox (25.00003pt too wide) in paragraph at lines 1944--1966
[][] 
 []

<../Figures/MA_8_F_1_2_graphW.png, id=482, 441.5697pt x 343.2825pt>
File: ../Figures/MA_8_F_1_2_graphW.png Graphic file (type png)
<use ../Figures/MA_8_F_1_2_graphW.png>
Package pdftex.def Info: ../Figures/MA_8_F_1_2_graphW.png  used on input line 1
966.
(pdftex.def)             Requested size: 234.8775pt x 182.59885pt.

Underfull \vbox (badness 10000) has occurred while \output is active []

 [39]
Overfull \hbox (25.00003pt too wide) in paragraph at lines 1966--1992
[][] 
 []


Overfull \hbox (25.00003pt too wide) in paragraph at lines 1992--2008
[][] 
 []

[40 <../Figures/MA_8_F_1_2_graphW.png>]
! Missing $ inserted.
<inserted text> 
                $
l.2008 }
        
I've inserted a begin-math/end-math symbol since I think
you left one out. Proceed, with fingers crossed.


! LaTeX Error: Command \item invalid in math mode.

See the LaTeX manual or LaTeX Companion for explanation.
Type  H <return>  for immediate help.
 ...                                              
                                                  
l.2008 }
        
Try typing  <return>  to proceed.
If that doesn't work, type  X <return>  to quit.


! LaTeX Error: Something's wrong--perhaps a missing \item.

See the LaTeX manual or LaTeX Companion for explanation.
Type  H <return>  for immediate help.
 ...                                              
                                                  
l.2008 }
        
Try typing  <return>  to proceed.
If that doesn't work, type  X <return>  to quit.


! LaTeX Error: Something's wrong--perhaps a missing \item.

See the LaTeX manual or LaTeX Companion for explanation.
Type  H <return>  for immediate help.
 ...                                              
                                                  
l.2008 }
        
Try typing  <return>  to proceed.
If that doesn't work, type  X <return>  to quit.

! Missing $ inserted.
<inserted text> 
                $
l.2008 }
        
I've inserted a begin-math/end-math symbol since I think
you left one out. Proceed, with fingers crossed.

! Missing } inserted.
<inserted text> 
                }
l.2008 }
        
I've inserted something that you may have forgotten.
(See the <inserted text> above.)
With luck, this will get me unwedged. But if you
really didn't forget anything, try typing `2' now; then
my insertion and my current dilemma will both disappear.


Overfull \hbox (47.13719pt too wide) in paragraph at lines 2008--2008
[]\OT1/cmr/m/n/10 A lin-ear equa-tion is a degree-1 poly-no-mial. -5(x + 5)$[] 
+ 2\OML/cmm/m/it/10 isadegree \OMS/cmsy/m/n/10 ^^@ \OT1/cmr/m/n/10 4\OML/cmm/m/
it/10 polynomial[][]No; theequationisnotlinear:[]$ 
 []

! Extra }, or forgotten \endgroup.
\par ...m \@noitemerr {\@@par }\fi \else {\@@par }
                                                  \fi 
l.2008 }
        
I've deleted a group-closing symbol because it seems to be
spurious, as in `$x}$'. But perhaps the } is legitimate and
you forgot something else, as in `\hbox{$x}'. In such cases
the way to recover is to insert both the forgotten and the
deleted material, e.g., by typing `I$}'.

! Missing $ inserted.
<inserted text> 
                $
l.2008 }
        
I've inserted a begin-math/end-math symbol since I think
you left one out. Proceed, with fingers crossed.


! LaTeX Error: Command \end{enumerate} invalid in math mode.

See the LaTeX manual or LaTeX Companion for explanation.
Type  H <return>  for immediate help.
 ...                                              
                                                  
l.2008 }
        
Try typing  <return>  to proceed.
If that doesn't work, type  X <return>  to quit.


! LaTeX Error: Something's wrong--perhaps a missing \item.

See the LaTeX manual or LaTeX Companion for explanation.
Type  H <return>  for immediate help.
 ...                                              
                                                  
l.2008 }
        
Try typing  <return>  to proceed.
If that doesn't work, type  X <return>  to quit.


! LaTeX Error: Something's wrong--perhaps a missing \item.

See the LaTeX manual or LaTeX Companion for explanation.
Type  H <return>  for immediate help.
 ...                                              
                                                  
l.2008 }
        
Try typing  <return>  to proceed.
If that doesn't work, type  X <return>  to quit.

! Missing $ inserted.
<inserted text> 
                $
l.2008 }
        
I've inserted something that you may have forgotten.
(See the <inserted text> above.)
With luck, this will get me unwedged. But if you
really didn't forget anything, try typing `2' now; then
my insertion and my current dilemma will both disappear.

! Missing $ inserted.
<inserted text> 
                $
l.2008 }
        
I've inserted a begin-math/end-math symbol since I think
you left one out. Proceed, with fingers crossed.

! Missing $ inserted.
<inserted text> 
                $
l.2008 }
        
I've inserted a begin-math/end-math symbol since I think
you left one out. Proceed, with fingers crossed.


Overfull \hbox (348.4522pt too wide) in paragraph at lines 2008--2008
[]\OT1/cmr/bx/n/10 General Com-ment: \OT1/cmr/m/n/10 The equa-tion graphed was 
-5(x + 5)$[] + 2\OML/cmm/m/it/10 :Alinearfunctionisadegree \OMS/cmsy/m/n/10 ^^@
 \OT1/cmr/m/n/10 1\OML/cmm/m/it/10 polynomial:Polynomialequationshaveallvariabl
eswithpositiveintegerexponents; like$\OT1/cmr/m/n/10 f(x)
 []


Overfull \hbox (25.00003pt too wide) in paragraph at lines 2008--2034
[][] 
 []


Overfull \hbox (25.00003pt too wide) in paragraph at lines 2034--2056
[][] 
 []

<../Figures/MA_8_F_1_2_graphX.png, id=505, 426.393pt x 343.2825pt>
File: ../Figures/MA_8_F_1_2_graphX.png Graphic file (type png)
<use ../Figures/MA_8_F_1_2_graphX.png>
Package pdftex.def Info: ../Figures/MA_8_F_1_2_graphX.png  used on input line 2
056.
(pdftex.def)             Requested size: 234.8775pt x 189.09404pt.
[41 <../Figures/MA_8_F_1_2_graphX.png>]
Overfull \hbox (25.00003pt too wide) in paragraph at lines 2056--2072
[][] 
 []


Overfull \hbox (25.00003pt too wide) in paragraph at lines 2072--2088
[][] 
 []


Overfull \hbox (25.00003pt too wide) in paragraph at lines 2088--2114
[][] 
 []

[42]
Overfull \hbox (25.00003pt too wide) in paragraph at lines 2114--2136
[][] 
 []

<../Figures/MA_8_F_1_2_graphY.png, id=531, 441.5697pt x 343.2825pt>
File: ../Figures/MA_8_F_1_2_graphY.png Graphic file (type png)
<use ../Figures/MA_8_F_1_2_graphY.png>
Package pdftex.def Info: ../Figures/MA_8_F_1_2_graphY.png  used on input line 2
136.
(pdftex.def)             Requested size: 234.8775pt x 182.59885pt.

Overfull \hbox (25.00003pt too wide) in paragraph at lines 2136--2152
[][] 
 []

[43 <../Figures/MA_8_F_1_2_graphY.png>]
Overfull \hbox (25.00003pt too wide) in paragraph at lines 2152--2168
[][] 
 []


Overfull \hbox (25.00003pt too wide) in paragraph at lines 2168--2194
[][] 
 []


Overfull \hbox (25.00003pt too wide) in paragraph at lines 2194--2195
[][] 
 []

! Missing } inserted.
<inserted text> 
                }
l.2195 \end{enumerate}
                      
I've inserted something that you may have forgotten.
(See the <inserted text> above.)
With luck, this will get me unwedged. But if you
really didn't forget anything, try typing `2' now; then
my insertion and my current dilemma will both disappear.

! Missing } inserted.
<inserted text> 
                }
l.2195 \end{enumerate}
                      
I've inserted something that you may have forgotten.
(See the <inserted text> above.)
With luck, this will get me unwedged. But if you
really didn't forget anything, try typing `2' now; then
my insertion and my current dilemma will both disappear.

Package atveryend Info: Empty hook `BeforeClearDocument' on input line 2197.
[44]
Package atveryend Info: Empty hook `AfterLastShipout' on input line 2197.
 (./keyCRIF_F8ALL.aux)
Package atveryend Info: Executing hook `AtVeryEndDocument' on input line 2197.
Package atveryend Info: Executing hook `AtEndAfterFileList' on input line 2197.



Package rerunfilecheck Warning: File `keyCRIF_F8ALL.out' has changed.
(rerunfilecheck)                Rerun to get outlines right
(rerunfilecheck)                or use package `bookmark'.

Package rerunfilecheck Info: Checksums for `keyCRIF_F8ALL.out':
(rerunfilecheck)             Before: <no file>
(rerunfilecheck)             After:  D41D8CD98F00B204E9800998ECF8427E;0.
Package atveryend Info: Empty hook `AtVeryVeryEnd' on input line 2197.
 ) 
Here is how much of TeX's memory you used:
 9075 strings out of 483183
 136179 string characters out of 5966293
 405211 words of memory out of 5000000
 23554 multiletter control sequences out of 15000+600000
 535322 words of font info for 38 fonts, out of 8000000 for 9000
 14 hyphenation exceptions out of 8191
 34i,12n,45p,941b,656s stack positions out of 5000i,500n,10000p,200000b,80000s
</usr/share/texlive/texmf-dist/fonts/type1/public/amsfonts/cm/cmbx10.pfb></us
r/share/texlive/texmf-dist/fonts/type1/public/amsfonts/cm/cmex10.pfb></usr/shar
e/texlive/texmf-dist/fonts/type1/public/amsfonts/cm/cmmi10.pfb></usr/share/texl
ive/texmf-dist/fonts/type1/public/amsfonts/cm/cmmi7.pfb></usr/share/texlive/tex
mf-dist/fonts/type1/public/amsfonts/cm/cmr10.pfb></usr/share/texlive/texmf-dist
/fonts/type1/public/amsfonts/cm/cmr5.pfb></usr/share/texlive/texmf-dist/fonts/t
ype1/public/amsfonts/cm/cmr7.pfb></usr/share/texlive/texmf-dist/fonts/type1/pub
lic/amsfonts/cm/cmsy10.pfb></usr/share/texlive/texmf-dist/fonts/type1/public/am
sfonts/cm/cmsy7.pfb></usr/share/texlive/texmf-dist/fonts/type1/public/amsfonts/
cm/cmti10.pfb>
Output written on keyCRIF_F8ALL.pdf (44 pages, 599333 bytes).
PDF statistics:
 664 PDF objects out of 1000 (max. 8388607)
 552 compressed objects within 6 object streams
 345 named destinations out of 1000 (max. 500000)
 126 words of extra memory for PDF output out of 10000 (max. 10000000)

